{"/home/travis/build/npmtest/node-npmtest-tough-cookie/test.js":{"path":"/home/travis/build/npmtest/node-npmtest-tough-cookie/test.js","s":{"1":2,"2":2,"3":2,"4":2,"5":2,"6":2,"7":2,"8":1,"9":2,"10":2,"11":1,"12":1,"13":1,"14":1,"15":2,"16":2,"17":2,"18":2,"19":1,"20":1,"21":2,"22":2,"23":2,"24":1,"25":1,"26":1,"27":1,"28":1,"29":1,"30":1,"31":1,"32":1,"33":1,"34":1,"35":1,"36":1,"37":2,"38":2,"39":1,"40":2,"41":2,"42":1,"43":2,"44":2,"45":1,"46":2,"47":2,"48":1,"49":1,"50":1,"51":1,"52":1},"b":{"1":[2,1,1,1],"2":[1,1,1,1],"3":[1,1],"4":[1,1],"5":[1,1],"6":[1,1],"7":[1,1],"8":[1,1],"9":[1,1,1],"10":[1,1],"11":[1,1],"12":[1,1],"13":[1,1],"14":[1,1],"15":[1,1],"16":[1,1]},"f":{"1":2,"2":2,"3":2,"4":2,"5":2,"6":1,"7":1,"8":2,"9":2,"10":2,"11":2,"12":1},"fnMap":{"1":{"name":"(anonymous_1)","line":12,"loc":{"start":{"line":12,"column":1},"end":{"line":12,"column":13}}},"2":{"name":"(anonymous_2)","line":19,"loc":{"start":{"line":19,"column":5},"end":{"line":19,"column":17}}},"3":{"name":"(anonymous_3)","line":23,"loc":{"start":{"line":23,"column":24},"end":{"line":23,"column":36}}},"4":{"name":"(anonymous_4)","line":61,"loc":{"start":{"line":61,"column":5},"end":{"line":61,"column":17}}},"5":{"name":"(anonymous_5)","line":82,"loc":{"start":{"line":82,"column":5},"end":{"line":82,"column":17}}},"6":{"name":"(anonymous_6)","line":102,"loc":{"start":{"line":102,"column":83},"end":{"line":105,"column":10}},"skip":true},"7":{"name":"(anonymous_7)","line":113,"loc":{"start":{"line":113,"column":77},"end":{"line":116,"column":10}},"skip":true},"8":{"name":"(anonymous_8)","line":129,"loc":{"start":{"line":129,"column":12},"end":{"line":129,"column":40}},"skip":true},"9":{"name":"(anonymous_9)","line":137,"loc":{"start":{"line":137,"column":77},"end":{"line":140,"column":10}},"skip":true},"10":{"name":"(anonymous_10)","line":148,"loc":{"start":{"line":148,"column":83},"end":{"line":151,"column":10}},"skip":true},"11":{"name":"(anonymous_11)","line":159,"loc":{"start":{"line":159,"column":79},"end":{"line":162,"column":10}},"skip":true},"12":{"name":"(anonymous_12)","line":170,"loc":{"start":{"line":170,"column":75},"end":{"line":173,"column":10}},"skip":true}},"statementMap":{"1":{"start":{"line":12,"column":0},"end":{"line":185,"column":5}},"2":{"start":{"line":14,"column":4},"end":{"line":14,"column":14}},"3":{"start":{"line":19,"column":4},"end":{"line":56,"column":9}},"4":{"start":{"line":21,"column":8},"end":{"line":21,"column":19}},"5":{"start":{"line":23,"column":8},"end":{"line":35,"column":13}},"6":{"start":{"line":24,"column":12},"end":{"line":34,"column":13}},"7":{"start":{"line":25,"column":16},"end":{"line":28,"column":30}},"8":{"start":{"line":30,"column":16},"end":{"line":33,"column":27}},"9":{"start":{"line":37,"column":8},"end":{"line":39,"column":21}},"10":{"start":{"line":40,"column":8},"end":{"line":53,"column":9}},"11":{"start":{"line":43,"column":12},"end":{"line":46,"column":14}},"12":{"start":{"line":47,"column":12},"end":{"line":47,"column":18}},"13":{"start":{"line":50,"column":12},"end":{"line":51,"column":46}},"14":{"start":{"line":52,"column":12},"end":{"line":52,"column":18}},"15":{"start":{"line":55,"column":8},"end":{"line":55,"column":35}},"16":{"start":{"line":61,"column":4},"end":{"line":63,"column":9}},"17":{"start":{"line":62,"column":8},"end":{"line":62,"column":15}},"18":{"start":{"line":64,"column":4},"end":{"line":77,"column":5}},"19":{"start":{"line":70,"column":8},"end":{"line":70,"column":14}},"20":{"start":{"line":76,"column":8},"end":{"line":76,"column":14}},"21":{"start":{"line":82,"column":4},"end":{"line":84,"column":9}},"22":{"start":{"line":83,"column":8},"end":{"line":83,"column":15}},"23":{"start":{"line":85,"column":4},"end":{"line":184,"column":5}},"24":{"start":{"line":92,"column":8},"end":{"line":94,"column":63}},"25":{"start":{"line":95,"column":8},"end":{"line":95,"column":14}},"26":{"start":{"line":102,"column":8},"end":{"line":111,"column":10},"skip":true},"27":{"start":{"line":109,"column":12},"end":{"line":109,"column":55},"skip":true},"28":{"start":{"line":110,"column":12},"end":{"line":110,"column":48},"skip":true},"29":{"start":{"line":113,"column":8},"end":{"line":126,"column":10},"skip":true},"30":{"start":{"line":120,"column":12},"end":{"line":120,"column":76},"skip":true},"31":{"start":{"line":121,"column":12},"end":{"line":121,"column":73},"skip":true},"32":{"start":{"line":122,"column":12},"end":{"line":122,"column":74},"skip":true},"33":{"start":{"line":123,"column":12},"end":{"line":123,"column":79},"skip":true},"34":{"start":{"line":124,"column":12},"end":{"line":124,"column":25},"skip":true},"35":{"start":{"line":125,"column":12},"end":{"line":125,"column":45},"skip":true},"36":{"start":{"line":128,"column":8},"end":{"line":135,"column":14},"skip":true},"37":{"start":{"line":133,"column":16},"end":{"line":133,"column":29},"skip":true},"38":{"start":{"line":134,"column":16},"end":{"line":134,"column":55},"skip":true},"39":{"start":{"line":137,"column":8},"end":{"line":146,"column":10},"skip":true},"40":{"start":{"line":144,"column":12},"end":{"line":144,"column":25},"skip":true},"41":{"start":{"line":145,"column":12},"end":{"line":145,"column":45},"skip":true},"42":{"start":{"line":148,"column":8},"end":{"line":157,"column":10},"skip":true},"43":{"start":{"line":155,"column":12},"end":{"line":155,"column":25},"skip":true},"44":{"start":{"line":156,"column":12},"end":{"line":156,"column":48},"skip":true},"45":{"start":{"line":159,"column":8},"end":{"line":168,"column":10},"skip":true},"46":{"start":{"line":166,"column":12},"end":{"line":166,"column":25},"skip":true},"47":{"start":{"line":167,"column":12},"end":{"line":167,"column":46},"skip":true},"48":{"start":{"line":170,"column":8},"end":{"line":179,"column":10},"skip":true},"49":{"start":{"line":177,"column":12},"end":{"line":177,"column":94},"skip":true},"50":{"start":{"line":178,"column":12},"end":{"line":178,"column":48},"skip":true},"51":{"start":{"line":182,"column":8},"end":{"line":182,"column":35},"skip":true},"52":{"start":{"line":183,"column":8},"end":{"line":183,"column":14},"skip":true}},"branchMap":{"1":{"line":25,"type":"binary-expr","locations":[{"start":{"line":25,"column":23},"end":{"line":25,"column":62}},{"start":{"line":26,"column":20},"end":{"line":26,"column":70}},{"start":{"line":27,"column":20},"end":{"line":27,"column":71}},{"start":{"line":28,"column":20},"end":{"line":28,"column":29}}]},"2":{"line":30,"type":"binary-expr","locations":[{"start":{"line":30,"column":23},"end":{"line":30,"column":37}},{"start":{"line":31,"column":20},"end":{"line":31,"column":61}},{"start":{"line":32,"column":20},"end":{"line":32,"column":70}},{"start":{"line":33,"column":20},"end":{"line":33,"column":26}}]},"3":{"line":37,"type":"cond-expr","locations":[{"start":{"line":38,"column":14},"end":{"line":38,"column":20}},{"start":{"line":39,"column":14},"end":{"line":39,"column":20}}]},"4":{"line":40,"type":"switch","locations":[{"start":{"line":42,"column":8},"end":{"line":47,"column":18}},{"start":{"line":49,"column":8},"end":{"line":52,"column":18}}]},"5":{"line":44,"type":"binary-expr","locations":[{"start":{"line":44,"column":16},"end":{"line":44,"column":44}},{"start":{"line":44,"column":48},"end":{"line":44,"column":66}}]},"6":{"line":50,"type":"binary-expr","locations":[{"start":{"line":50,"column":21},"end":{"line":50,"column":49}},{"start":{"line":50,"column":53},"end":{"line":50,"column":72}}]},"7":{"line":64,"type":"switch","locations":[{"start":{"line":69,"column":4},"end":{"line":70,"column":14}},{"start":{"line":75,"column":4},"end":{"line":76,"column":14}}]},"8":{"line":85,"type":"switch","locations":[{"start":{"line":90,"column":4},"end":{"line":95,"column":14}},{"start":{"line":101,"column":4},"end":{"line":183,"column":14},"skip":true}]},"9":{"line":92,"type":"binary-expr","locations":[{"start":{"line":92,"column":18},"end":{"line":92,"column":32}},{"start":{"line":93,"column":12},"end":{"line":93,"column":53}},{"start":{"line":94,"column":12},"end":{"line":94,"column":61}}]},"10":{"line":102,"type":"binary-expr","locations":[{"start":{"line":102,"column":45},"end":{"line":102,"column":79},"skip":true},{"start":{"line":102,"column":83},"end":{"line":111,"column":9},"skip":true}]},"11":{"line":113,"type":"binary-expr","locations":[{"start":{"line":113,"column":42},"end":{"line":113,"column":73},"skip":true},{"start":{"line":113,"column":77},"end":{"line":126,"column":9},"skip":true}]},"12":{"line":128,"type":"binary-expr","locations":[{"start":{"line":128,"column":48},"end":{"line":128,"column":85},"skip":true},{"start":{"line":129,"column":12},"end":{"line":135,"column":13},"skip":true}]},"13":{"line":137,"type":"binary-expr","locations":[{"start":{"line":137,"column":42},"end":{"line":137,"column":73},"skip":true},{"start":{"line":137,"column":77},"end":{"line":146,"column":9},"skip":true}]},"14":{"line":148,"type":"binary-expr","locations":[{"start":{"line":148,"column":45},"end":{"line":148,"column":79},"skip":true},{"start":{"line":148,"column":83},"end":{"line":157,"column":9},"skip":true}]},"15":{"line":159,"type":"binary-expr","locations":[{"start":{"line":159,"column":43},"end":{"line":159,"column":75},"skip":true},{"start":{"line":159,"column":79},"end":{"line":168,"column":9},"skip":true}]},"16":{"line":170,"type":"binary-expr","locations":[{"start":{"line":170,"column":41},"end":{"line":170,"column":71},"skip":true},{"start":{"line":170,"column":75},"end":{"line":179,"column":9},"skip":true}]}},"code":["/* istanbul instrument in package npmtest_tough_cookie */","/*jslint","    bitwise: true,","    browser: true,","    maxerr: 8,","    maxlen: 96,","    node: true,","    nomen: true,","    regexp: true,","    stupid: true","*/","(function () {","    'use strict';","    var local;","","","","    // run shared js-env code - pre-init","    (function () {","        // init local","        local = {};","        // init modeJs","        local.modeJs = (function () {","            try {","                return typeof navigator.userAgent === 'string' &&","                    typeof document.querySelector('body') === 'object' &&","                    typeof XMLHttpRequest.prototype.open === 'function' &&","                    'browser';","            } catch (errorCaughtBrowser) {","                return module.exports &&","                    typeof process.versions.node === 'string' &&","                    typeof require('http').createServer === 'function' &&","                    'node';","            }","        }());","        // init global","        local.global = local.modeJs === 'browser'","            ? window","            : global;","        switch (local.modeJs) {","        // re-init local from window.local","        case 'browser':","            local = local.global.utility2.objectSetDefault(","                local.global.utility2_rollup || local.global.local,","                local.global.utility2","            );","            break;","        // re-init local from example.js","        case 'node':","            local = (local.global.utility2_rollup || require('utility2'))","                .requireExampleJsFromReadme();","            break;","        }","        // export local","        local.global.local = local;","    }());","","","","    // run shared js-env code - function","    (function () {","        return;","    }());","    switch (local.modeJs) {","","","","    // run browser js-env code - function","    case 'browser':","        break;","","","","    // run node js-env code - function","    case 'node':","        break;","    }","","","","    // run shared js-env code - post-init","    (function () {","        return;","    }());","    switch (local.modeJs) {","","","","    // run browser js-env code - post-init","    case 'browser':","        // run tests","        local.nop(local.modeTest &&","            document.querySelector('#testRunButton1') &&","            document.querySelector('#testRunButton1').click());","        break;","","","","    // run node js-env code - post-init","    /* istanbul ignore next */","    case 'node':","        local.testCase_buildApidoc_default = local.testCase_buildApidoc_default || function (","            options,","            onError","        ) {","        /*","         * this function will test buildApidoc's default handling-behavior-behavior","         */","            options = { modulePathList: module.paths };","            local.buildApidoc(options, onError);","        };","","        local.testCase_buildApp_default = local.testCase_buildApp_default || function (","            options,","            onError","        ) {","        /*","         * this function will test buildApp's default handling-behavior-behavior","         */","            local.testCase_buildReadme_default(options, local.onErrorThrow);","            local.testCase_buildLib_default(options, local.onErrorThrow);","            local.testCase_buildTest_default(options, local.onErrorThrow);","            local.testCase_buildCustomOrg_default(options, local.onErrorThrow);","            options = [];","            local.buildApp(options, onError);","        };","","        local.testCase_buildCustomOrg_default = local.testCase_buildCustomOrg_default ||","            function (options, onError) {","            /*","             * this function will test buildCustomOrg's default handling-behavior","             */","                options = {};","                local.buildCustomOrg(options, onError);","            };","","        local.testCase_buildLib_default = local.testCase_buildLib_default || function (","            options,","            onError","        ) {","        /*","         * this function will test buildLib's default handling-behavior","         */","            options = {};","            local.buildLib(options, onError);","        };","","        local.testCase_buildReadme_default = local.testCase_buildReadme_default || function (","            options,","            onError","        ) {","        /*","         * this function will test buildReadme's default handling-behavior-behavior","         */","            options = {};","            local.buildReadme(options, onError);","        };","","        local.testCase_buildTest_default = local.testCase_buildTest_default || function (","            options,","            onError","        ) {","        /*","         * this function will test buildTest's default handling-behavior","         */","            options = {};","            local.buildTest(options, onError);","        };","","        local.testCase_webpage_default = local.testCase_webpage_default || function (","            options,","            onError","        ) {","        /*","         * this function will test webpage's default handling-behavior","         */","            options = { modeCoverageMerge: true, url: local.serverLocalHost + '?modeTest=1' };","            local.browserTest(options, onError);","        };","","        // run test-server","        local.testRunServer(local);","        break;","    }","}());",""],"l":{"12":2,"14":2,"19":2,"21":2,"23":2,"24":2,"25":2,"30":1,"37":2,"40":2,"43":1,"47":1,"50":1,"52":1,"55":2,"61":2,"62":2,"64":2,"70":1,"76":1,"82":2,"83":2,"85":2,"92":1,"95":1,"102":1,"109":1,"110":1,"113":1,"120":1,"121":1,"122":1,"123":1,"124":1,"125":1,"128":1,"133":2,"134":2,"137":1,"144":2,"145":2,"148":1,"155":2,"156":2,"159":1,"166":2,"167":2,"170":1,"177":1,"178":1,"182":1,"183":1}},"/home/travis/build/npmtest/node-npmtest-tough-cookie/lib.npmtest_tough_cookie.js":{"path":"/home/travis/build/npmtest/node-npmtest-tough-cookie/lib.npmtest_tough_cookie.js","s":{"1":2,"2":2,"3":2,"4":2,"5":2,"6":2,"7":2,"8":1,"9":2,"10":2,"11":2,"12":2,"13":1,"14":1,"15":1,"16":1},"b":{"1":[2,1,1,1],"2":[1,1,1,1],"3":[1,1],"4":[2,2],"5":[1,1]},"f":{"1":2,"2":2,"3":2},"fnMap":{"1":{"name":"(anonymous_1)","line":12,"loc":{"start":{"line":12,"column":1},"end":{"line":12,"column":13}}},"2":{"name":"(anonymous_2)","line":19,"loc":{"start":{"line":19,"column":5},"end":{"line":19,"column":17}}},"3":{"name":"(anonymous_3)","line":23,"loc":{"start":{"line":23,"column":24},"end":{"line":23,"column":36}}}},"statementMap":{"1":{"start":{"line":12,"column":0},"end":{"line":53,"column":5}},"2":{"start":{"line":14,"column":4},"end":{"line":14,"column":14}},"3":{"start":{"line":19,"column":4},"end":{"line":52,"column":9}},"4":{"start":{"line":21,"column":8},"end":{"line":21,"column":19}},"5":{"start":{"line":23,"column":8},"end":{"line":35,"column":13}},"6":{"start":{"line":24,"column":12},"end":{"line":34,"column":13}},"7":{"start":{"line":25,"column":16},"end":{"line":28,"column":30}},"8":{"start":{"line":30,"column":16},"end":{"line":33,"column":27}},"9":{"start":{"line":37,"column":8},"end":{"line":39,"column":21}},"10":{"start":{"line":41,"column":8},"end":{"line":41,"column":54}},"11":{"start":{"line":43,"column":8},"end":{"line":43,"column":57}},"12":{"start":{"line":45,"column":8},"end":{"line":51,"column":9}},"13":{"start":{"line":46,"column":12},"end":{"line":46,"column":63}},"14":{"start":{"line":48,"column":12},"end":{"line":48,"column":35}},"15":{"start":{"line":49,"column":12},"end":{"line":49,"column":49}},"16":{"start":{"line":50,"column":12},"end":{"line":50,"column":43}}},"branchMap":{"1":{"line":25,"type":"binary-expr","locations":[{"start":{"line":25,"column":23},"end":{"line":25,"column":62}},{"start":{"line":26,"column":20},"end":{"line":26,"column":70}},{"start":{"line":27,"column":20},"end":{"line":27,"column":71}},{"start":{"line":28,"column":20},"end":{"line":28,"column":29}}]},"2":{"line":30,"type":"binary-expr","locations":[{"start":{"line":30,"column":23},"end":{"line":30,"column":37}},{"start":{"line":31,"column":20},"end":{"line":31,"column":61}},{"start":{"line":32,"column":20},"end":{"line":32,"column":70}},{"start":{"line":33,"column":20},"end":{"line":33,"column":26}}]},"3":{"line":37,"type":"cond-expr","locations":[{"start":{"line":38,"column":14},"end":{"line":38,"column":20}},{"start":{"line":39,"column":14},"end":{"line":39,"column":20}}]},"4":{"line":41,"type":"binary-expr","locations":[{"start":{"line":41,"column":16},"end":{"line":41,"column":44}},{"start":{"line":41,"column":48},"end":{"line":41,"column":53}}]},"5":{"line":45,"type":"if","locations":[{"start":{"line":45,"column":8},"end":{"line":45,"column":8}},{"start":{"line":45,"column":8},"end":{"line":45,"column":8}}]}},"code":["/* istanbul instrument in package npmtest_tough_cookie */","/*jslint","    bitwise: true,","    browser: true,","    maxerr: 8,","    maxlen: 96,","    node: true,","    nomen: true,","    regexp: true,","    stupid: true","*/","(function () {","    'use strict';","    var local;","","","","    // run shared js-env code - pre-init","    (function () {","        // init local","        local = {};","        // init modeJs","        local.modeJs = (function () {","            try {","                return typeof navigator.userAgent === 'string' &&","                    typeof document.querySelector('body') === 'object' &&","                    typeof XMLHttpRequest.prototype.open === 'function' &&","                    'browser';","            } catch (errorCaughtBrowser) {","                return module.exports &&","                    typeof process.versions.node === 'string' &&","                    typeof require('http').createServer === 'function' &&","                    'node';","            }","        }());","        // init global","        local.global = local.modeJs === 'browser'","            ? window","            : global;","        // init utility2_rollup","        local = local.global.utility2_rollup || local;","        // init lib","        local.local = local.npmtest_tough_cookie = local;","        // init exports","        if (local.modeJs === 'browser') {","            local.global.utility2_npmtest_tough_cookie = local;","        } else {","            module.exports = local;","            module.exports.__dirname = __dirname;","            module.exports.module = module;","        }","    }());","}());",""],"l":{"12":2,"14":2,"19":2,"21":2,"23":2,"24":2,"25":2,"30":1,"37":2,"41":2,"43":2,"45":2,"46":1,"48":1,"49":1,"50":1}},"/home/travis/build/npmtest/node-npmtest-tough-cookie/example.js":{"path":"/home/travis/build/npmtest/node-npmtest-tough-cookie/example.js","s":{"1":2,"2":2,"3":2,"4":2,"5":2,"6":2,"7":2,"8":1,"9":2,"10":2,"11":2,"12":2,"13":1,"14":2,"15":2,"16":2,"17":2,"18":2,"19":0,"20":2,"21":1,"22":1,"23":1,"24":1,"25":1,"26":0,"27":0,"28":1,"29":1,"30":2,"31":0,"32":0,"33":0,"34":1,"35":2,"36":2,"37":2,"38":2,"39":2,"40":2,"41":0,"42":2,"43":2,"44":2,"45":1,"46":3,"47":1,"48":1,"49":1,"50":1,"51":1,"52":1,"53":1,"54":1,"55":1,"56":1,"57":0,"58":1,"59":6,"60":6,"61":1,"62":2,"63":0,"64":2,"65":1,"66":1,"67":0,"68":0,"69":0,"70":0,"71":0,"72":0,"73":0,"74":0,"75":0,"76":0,"77":0,"78":0,"79":0,"80":0,"81":0,"82":0,"83":0},"b":{"1":[2,1,1,1],"2":[1,1,1,1],"3":[1,1],"4":[2,2],"5":[1,1],"6":[1,1],"7":[2,0],"8":[2,1,1,1,1,1],"9":[0,2,0],"10":[1,1],"11":[2,1,1],"12":[1,0],"13":[0,2],"14":[2,0,0,0,0,0,0],"15":[0,2],"16":[2,0],"17":[1,1],"18":[0,1],"19":[1,2,0,2],"20":[1,0],"21":[1,1],"22":[0,0],"23":[0,0],"24":[0,0],"25":[0,0],"26":[0,0],"27":[0,0],"28":[0,0]},"f":{"1":2,"2":2,"3":2,"4":2,"5":2,"6":2,"7":2,"8":2,"9":3,"10":1,"11":6,"12":0},"fnMap":{"1":{"name":"(anonymous_1)","line":26,"loc":{"start":{"line":26,"column":1},"end":{"line":26,"column":13}}},"2":{"name":"(anonymous_2)","line":33,"loc":{"start":{"line":33,"column":5},"end":{"line":33,"column":17}}},"3":{"name":"(anonymous_3)","line":37,"loc":{"start":{"line":37,"column":24},"end":{"line":37,"column":36}}},"4":{"name":"(anonymous_4)","line":69,"loc":{"start":{"line":69,"column":31},"end":{"line":69,"column":48}},"skip":true},"5":{"name":"(anonymous_5)","line":78,"loc":{"start":{"line":78,"column":26},"end":{"line":78,"column":45}},"skip":true},"6":{"name":"(anonymous_6)","line":123,"loc":{"start":{"line":123,"column":33},"end":{"line":123,"column":48}},"skip":true},"7":{"name":"(anonymous_7)","line":125,"loc":{"start":{"line":125,"column":27},"end":{"line":125,"column":39}},"skip":true},"8":{"name":"(anonymous_8)","line":133,"loc":{"start":{"line":133,"column":59},"end":{"line":133,"column":74}},"skip":true},"9":{"name":"(anonymous_9)","line":143,"loc":{"start":{"line":143,"column":45},"end":{"line":143,"column":62}},"skip":true},"10":{"name":"(anonymous_10)","line":144,"loc":{"start":{"line":144,"column":73},"end":{"line":144,"column":92}},"skip":true},"11":{"name":"(anonymous_11)","line":272,"loc":{"start":{"line":272,"column":51},"end":{"line":272,"column":77}},"skip":true},"12":{"name":"(anonymous_12)","line":314,"loc":{"start":{"line":314,"column":32},"end":{"line":314,"column":61}},"skip":true}},"statementMap":{"1":{"start":{"line":26,"column":0},"end":{"line":325,"column":5}},"2":{"start":{"line":28,"column":4},"end":{"line":28,"column":14}},"3":{"start":{"line":33,"column":4},"end":{"line":60,"column":9}},"4":{"start":{"line":35,"column":8},"end":{"line":35,"column":19}},"5":{"start":{"line":37,"column":8},"end":{"line":49,"column":13}},"6":{"start":{"line":38,"column":12},"end":{"line":48,"column":13}},"7":{"start":{"line":39,"column":16},"end":{"line":42,"column":30}},"8":{"start":{"line":44,"column":16},"end":{"line":47,"column":27}},"9":{"start":{"line":51,"column":8},"end":{"line":53,"column":21}},"10":{"start":{"line":55,"column":8},"end":{"line":57,"column":45}},"11":{"start":{"line":59,"column":8},"end":{"line":59,"column":35}},"12":{"start":{"line":61,"column":4},"end":{"line":324,"column":5}},"13":{"start":{"line":69,"column":8},"end":{"line":121,"column":10},"skip":true},"14":{"start":{"line":70,"column":12},"end":{"line":88,"column":13},"skip":true},"15":{"start":{"line":76,"column":16},"end":{"line":87,"column":19},"skip":true},"16":{"start":{"line":79,"column":20},"end":{"line":86,"column":21},"skip":true},"17":{"start":{"line":82,"column":24},"end":{"line":82,"column":43},"skip":true},"18":{"start":{"line":83,"column":24},"end":{"line":83,"column":30},"skip":true},"19":{"start":{"line":85,"column":24},"end":{"line":85,"column":49},"skip":true},"20":{"start":{"line":89,"column":12},"end":{"line":107,"column":13},"skip":true},"21":{"start":{"line":92,"column":16},"end":{"line":102,"column":17},"skip":true},"22":{"start":{"line":93,"column":20},"end":{"line":93,"column":86},"skip":true},"23":{"start":{"line":94,"column":20},"end":{"line":95,"column":45},"skip":true},"24":{"start":{"line":96,"column":20},"end":{"line":96,"column":42},"skip":true},"25":{"start":{"line":97,"column":20},"end":{"line":97,"column":48},"skip":true},"26":{"start":{"line":100,"column":20},"end":{"line":100,"column":85},"skip":true},"27":{"start":{"line":101,"column":20},"end":{"line":101,"column":96},"skip":true},"28":{"start":{"line":103,"column":16},"end":{"line":103,"column":22},"skip":true},"29":{"start":{"line":106,"column":16},"end":{"line":106,"column":22},"skip":true},"30":{"start":{"line":108,"column":12},"end":{"line":120,"column":13},"skip":true},"31":{"start":{"line":114,"column":16},"end":{"line":119,"column":17},"skip":true},"32":{"start":{"line":116,"column":20},"end":{"line":116,"column":78},"skip":true},"33":{"start":{"line":118,"column":20},"end":{"line":118,"column":53},"skip":true},"34":{"start":{"line":123,"column":8},"end":{"line":141,"column":11},"skip":true},"35":{"start":{"line":124,"column":12},"end":{"line":124,"column":54},"skip":true},"36":{"start":{"line":125,"column":12},"end":{"line":140,"column":14},"skip":true},"37":{"start":{"line":126,"column":16},"end":{"line":126,"column":28},"skip":true},"38":{"start":{"line":127,"column":16},"end":{"line":127,"column":69},"skip":true},"39":{"start":{"line":128,"column":16},"end":{"line":128,"column":75},"skip":true},"40":{"start":{"line":129,"column":16},"end":{"line":131,"column":17},"skip":true},"41":{"start":{"line":130,"column":20},"end":{"line":130,"column":27},"skip":true},"42":{"start":{"line":133,"column":16},"end":{"line":137,"column":36},"skip":true},"43":{"start":{"line":134,"column":20},"end":{"line":136,"column":55},"skip":true},"44":{"start":{"line":139,"column":16},"end":{"line":139,"column":57},"skip":true},"45":{"start":{"line":143,"column":8},"end":{"line":147,"column":11},"skip":true},"46":{"start":{"line":144,"column":12},"end":{"line":146,"column":15},"skip":true},"47":{"start":{"line":145,"column":16},"end":{"line":145,"column":70},"skip":true},"48":{"start":{"line":149,"column":8},"end":{"line":149,"column":31},"skip":true},"49":{"start":{"line":150,"column":8},"end":{"line":150,"column":14},"skip":true},"50":{"start":{"line":158,"column":8},"end":{"line":158,"column":31},"skip":true},"51":{"start":{"line":160,"column":8},"end":{"line":160,"column":33},"skip":true},"52":{"start":{"line":161,"column":8},"end":{"line":161,"column":37},"skip":true},"53":{"start":{"line":162,"column":8},"end":{"line":162,"column":35},"skip":true},"54":{"start":{"line":164,"column":8},"end":{"line":164,"column":50},"skip":true},"55":{"start":{"line":166,"column":8},"end":{"line":256,"column":2},"skip":true},"56":{"start":{"line":258,"column":8},"end":{"line":286,"column":9},"skip":true},"57":{"start":{"line":259,"column":12},"end":{"line":269,"column":14},"skip":true},"58":{"start":{"line":271,"column":12},"end":{"line":285,"column":19},"skip":true},"59":{"start":{"line":274,"column":20},"end":{"line":274,"column":35},"skip":true},"60":{"start":{"line":275,"column":20},"end":{"line":284,"column":21},"skip":true},"61":{"start":{"line":277,"column":24},"end":{"line":277,"column":64},"skip":true},"62":{"start":{"line":279,"column":24},"end":{"line":279,"column":40},"skip":true},"63":{"start":{"line":281,"column":24},"end":{"line":281,"column":40},"skip":true},"64":{"start":{"line":283,"column":24},"end":{"line":283,"column":39},"skip":true},"65":{"start":{"line":288,"column":8},"end":{"line":290,"column":9},"skip":true},"66":{"start":{"line":289,"column":12},"end":{"line":289,"column":18},"skip":true},"67":{"start":{"line":291,"column":8},"end":{"line":293,"column":54},"skip":true},"68":{"start":{"line":294,"column":8},"end":{"line":301,"column":37},"skip":true},"69":{"start":{"line":302,"column":8},"end":{"line":302,"column":82},"skip":true},"70":{"start":{"line":305,"column":8},"end":{"line":307,"column":9},"skip":true},"71":{"start":{"line":306,"column":12},"end":{"line":306,"column":82},"skip":true},"72":{"start":{"line":309,"column":8},"end":{"line":311,"column":9},"skip":true},"73":{"start":{"line":310,"column":12},"end":{"line":310,"column":18},"skip":true},"74":{"start":{"line":312,"column":8},"end":{"line":312,"column":54},"skip":true},"75":{"start":{"line":313,"column":8},"end":{"line":313,"column":69},"skip":true},"76":{"start":{"line":314,"column":8},"end":{"line":322,"column":36},"skip":true},"77":{"start":{"line":315,"column":12},"end":{"line":315,"column":61},"skip":true},"78":{"start":{"line":316,"column":12},"end":{"line":319,"column":13},"skip":true},"79":{"start":{"line":317,"column":16},"end":{"line":317,"column":75},"skip":true},"80":{"start":{"line":318,"column":16},"end":{"line":318,"column":23},"skip":true},"81":{"start":{"line":320,"column":12},"end":{"line":320,"column":38},"skip":true},"82":{"start":{"line":321,"column":12},"end":{"line":321,"column":27},"skip":true},"83":{"start":{"line":323,"column":8},"end":{"line":323,"column":14},"skip":true}},"branchMap":{"1":{"line":39,"type":"binary-expr","locations":[{"start":{"line":39,"column":23},"end":{"line":39,"column":62}},{"start":{"line":40,"column":20},"end":{"line":40,"column":70}},{"start":{"line":41,"column":20},"end":{"line":41,"column":71}},{"start":{"line":42,"column":20},"end":{"line":42,"column":29}}]},"2":{"line":44,"type":"binary-expr","locations":[{"start":{"line":44,"column":23},"end":{"line":44,"column":37}},{"start":{"line":45,"column":20},"end":{"line":45,"column":61}},{"start":{"line":46,"column":20},"end":{"line":46,"column":70}},{"start":{"line":47,"column":20},"end":{"line":47,"column":26}}]},"3":{"line":51,"type":"cond-expr","locations":[{"start":{"line":52,"column":14},"end":{"line":52,"column":20}},{"start":{"line":53,"column":14},"end":{"line":53,"column":20}}]},"4":{"line":55,"type":"binary-expr","locations":[{"start":{"line":55,"column":16},"end":{"line":55,"column":44}},{"start":{"line":55,"column":49},"end":{"line":57,"column":43}}]},"5":{"line":55,"type":"cond-expr","locations":[{"start":{"line":56,"column":14},"end":{"line":56,"column":56}},{"start":{"line":57,"column":14},"end":{"line":57,"column":43}}]},"6":{"line":61,"type":"switch","locations":[{"start":{"line":68,"column":4},"end":{"line":150,"column":14},"skip":true},{"start":{"line":156,"column":4},"end":{"line":323,"column":14},"skip":true}]},"7":{"line":70,"type":"if","locations":[{"start":{"line":70,"column":12},"end":{"line":70,"column":12},"skip":true},{"start":{"line":70,"column":12},"end":{"line":70,"column":12},"skip":true}]},"8":{"line":70,"type":"binary-expr","locations":[{"start":{"line":70,"column":16},"end":{"line":70,"column":22},"skip":true},{"start":{"line":70,"column":27},"end":{"line":70,"column":32},"skip":true},{"start":{"line":71,"column":20},"end":{"line":71,"column":39},"skip":true},{"start":{"line":72,"column":20},"end":{"line":72,"column":49},"skip":true},{"start":{"line":73,"column":20},"end":{"line":73,"column":58},"skip":true},{"start":{"line":74,"column":20},"end":{"line":74,"column":69},"skip":true}]},"9":{"line":79,"type":"switch","locations":[{"start":{"line":80,"column":20},"end":{"line":80,"column":33},"skip":true},{"start":{"line":81,"column":20},"end":{"line":83,"column":30},"skip":true},{"start":{"line":84,"column":20},"end":{"line":85,"column":49},"skip":true}]},"10":{"line":89,"type":"switch","locations":[{"start":{"line":90,"column":12},"end":{"line":103,"column":22},"skip":true},{"start":{"line":105,"column":12},"end":{"line":106,"column":22},"skip":true}]},"11":{"line":89,"type":"binary-expr","locations":[{"start":{"line":89,"column":20},"end":{"line":89,"column":25},"skip":true},{"start":{"line":89,"column":29},"end":{"line":89,"column":48},"skip":true},{"start":{"line":89,"column":52},"end":{"line":89,"column":74},"skip":true}]},"12":{"line":92,"type":"if","locations":[{"start":{"line":92,"column":16},"end":{"line":92,"column":16},"skip":true},{"start":{"line":92,"column":16},"end":{"line":92,"column":16},"skip":true}]},"13":{"line":108,"type":"if","locations":[{"start":{"line":108,"column":12},"end":{"line":108,"column":12},"skip":true},{"start":{"line":108,"column":12},"end":{"line":108,"column":12},"skip":true}]},"14":{"line":108,"type":"binary-expr","locations":[{"start":{"line":108,"column":16},"end":{"line":108,"column":61},"skip":true},{"start":{"line":108,"column":66},"end":{"line":108,"column":72},"skip":true},{"start":{"line":108,"column":77},"end":{"line":108,"column":82},"skip":true},{"start":{"line":109,"column":20},"end":{"line":109,"column":39},"skip":true},{"start":{"line":110,"column":20},"end":{"line":110,"column":49},"skip":true},{"start":{"line":111,"column":20},"end":{"line":111,"column":58},"skip":true},{"start":{"line":112,"column":20},"end":{"line":112,"column":68},"skip":true}]},"15":{"line":129,"type":"if","locations":[{"start":{"line":129,"column":16},"end":{"line":129,"column":16},"skip":true},{"start":{"line":129,"column":16},"end":{"line":129,"column":16},"skip":true}]},"16":{"line":134,"type":"cond-expr","locations":[{"start":{"line":135,"column":26},"end":{"line":135,"column":29},"skip":true},{"start":{"line":136,"column":26},"end":{"line":136,"column":54},"skip":true}]},"17":{"line":164,"type":"binary-expr","locations":[{"start":{"line":164,"column":27},"end":{"line":164,"column":43},"skip":true},{"start":{"line":164,"column":47},"end":{"line":164,"column":49},"skip":true}]},"18":{"line":258,"type":"if","locations":[{"start":{"line":258,"column":8},"end":{"line":258,"column":8},"skip":true},{"start":{"line":258,"column":8},"end":{"line":258,"column":8},"skip":true}]},"19":{"line":275,"type":"switch","locations":[{"start":{"line":276,"column":20},"end":{"line":277,"column":64},"skip":true},{"start":{"line":278,"column":20},"end":{"line":279,"column":40},"skip":true},{"start":{"line":280,"column":20},"end":{"line":281,"column":40},"skip":true},{"start":{"line":282,"column":20},"end":{"line":283,"column":39},"skip":true}]},"20":{"line":288,"type":"if","locations":[{"start":{"line":288,"column":8},"end":{"line":288,"column":8},"skip":true},{"start":{"line":288,"column":8},"end":{"line":288,"column":8},"skip":true}]},"21":{"line":288,"type":"binary-expr","locations":[{"start":{"line":288,"column":12},"end":{"line":288,"column":40},"skip":true},{"start":{"line":288,"column":44},"end":{"line":288,"column":67},"skip":true}]},"22":{"line":292,"type":"binary-expr","locations":[{"start":{"line":292,"column":12},"end":{"line":292,"column":50},"skip":true},{"start":{"line":293,"column":12},"end":{"line":293,"column":53},"skip":true}]},"23":{"line":295,"type":"binary-expr","locations":[{"start":{"line":295,"column":12},"end":{"line":295,"column":70},"skip":true},{"start":{"line":296,"column":12},"end":{"line":301,"column":36},"skip":true}]},"24":{"line":302,"type":"binary-expr","locations":[{"start":{"line":302,"column":43},"end":{"line":302,"column":75},"skip":true},{"start":{"line":302,"column":79},"end":{"line":302,"column":81},"skip":true}]},"25":{"line":305,"type":"if","locations":[{"start":{"line":305,"column":8},"end":{"line":305,"column":8},"skip":true},{"start":{"line":305,"column":8},"end":{"line":305,"column":8},"skip":true}]},"26":{"line":309,"type":"if","locations":[{"start":{"line":309,"column":8},"end":{"line":309,"column":8},"skip":true},{"start":{"line":309,"column":8},"end":{"line":309,"column":8},"skip":true}]},"27":{"line":312,"type":"binary-expr","locations":[{"start":{"line":312,"column":27},"end":{"line":312,"column":43},"skip":true},{"start":{"line":312,"column":47},"end":{"line":312,"column":53},"skip":true}]},"28":{"line":316,"type":"if","locations":[{"start":{"line":316,"column":12},"end":{"line":316,"column":12},"skip":true},{"start":{"line":316,"column":12},"end":{"line":316,"column":12},"skip":true}]}},"code":["/*","example.js","","quickstart example","","instruction","    1. save this script as example.js","    2. run the shell command:","        $ npm install npmtest-tough-cookie && PORT=8081 node example.js","    3. play with the browser-demo on http://127.0.0.1:8081","*/","","","","/* istanbul instrument in package npmtest_tough_cookie */","/*jslint","    bitwise: true,","    browser: true,","    maxerr: 8,","    maxlen: 96,","    node: true,","    nomen: true,","    regexp: true,","    stupid: true","*/","(function () {","    'use strict';","    var local;","","","","    // run shared js-env code - pre-init","    (function () {","        // init local","        local = {};","        // init modeJs","        local.modeJs = (function () {","            try {","                return typeof navigator.userAgent === 'string' &&","                    typeof document.querySelector('body') === 'object' &&","                    typeof XMLHttpRequest.prototype.open === 'function' &&","                    'browser';","            } catch (errorCaughtBrowser) {","                return module.exports &&","                    typeof process.versions.node === 'string' &&","                    typeof require('http').createServer === 'function' &&","                    'node';","            }","        }());","        // init global","        local.global = local.modeJs === 'browser'","            ? window","            : global;","        // init utility2_rollup","        local = local.global.utility2_rollup || (local.modeJs === 'browser'","            ? local.global.utility2_npmtest_tough_cookie","            : global.utility2_moduleExports);","        // export local","        local.global.local = local;","    }());","    switch (local.modeJs) {","","","","    // post-init","    // run browser js-env code - post-init","    /* istanbul ignore next */","    case 'browser':","        local.testRunBrowser = function (event) {","            if (!event || (event &&","                    event.currentTarget &&","                    event.currentTarget.className &&","                    event.currentTarget.className.includes &&","                    event.currentTarget.className.includes('onreset'))) {","                // reset output","                Array.from(","                    document.querySelectorAll('body > .resettable')","                ).forEach(function (element) {","                    switch (element.tagName) {","                    case 'INPUT':","                    case 'TEXTAREA':","                        element.value = '';","                        break;","                    default:","                        element.textContent = '';","                    }","                });","            }","            switch (event && event.currentTarget && event.currentTarget.id) {","            case 'testRunButton1':","                // show tests","                if (document.querySelector('#testReportDiv1').style.display === 'none') {","                    document.querySelector('#testReportDiv1').style.display = 'block';","                    document.querySelector('#testRunButton1').textContent =","                        'hide internal test';","                    local.modeTest = true;","                    local.testRunDefault(local);","                // hide tests","                } else {","                    document.querySelector('#testReportDiv1').style.display = 'none';","                    document.querySelector('#testRunButton1').textContent = 'run internal test';","                }","                break;","            // custom-case","            default:","                break;","            }","            if (document.querySelector('#inputTextareaEval1') && (!event || (event &&","                    event.currentTarget &&","                    event.currentTarget.className &&","                    event.currentTarget.className.includes &&","                    event.currentTarget.className.includes('oneval')))) {","                // try to eval input-code","                try {","                    /*jslint evil: true*/","                    eval(document.querySelector('#inputTextareaEval1').value);","                } catch (errorCaught) {","                    console.error(errorCaught.stack);","                }","            }","        };","        // log stderr and stdout to #outputTextareaStdout1","        ['error', 'log'].forEach(function (key) {","            console[key + '_original'] = console[key];","            console[key] = function () {","                var element;","                console[key + '_original'].apply(console, arguments);","                element = document.querySelector('#outputTextareaStdout1');","                if (!element) {","                    return;","                }","                // append text to #outputTextareaStdout1","                element.value += Array.from(arguments).map(function (arg) {","                    return typeof arg === 'string'","                        ? arg","                        : JSON.stringify(arg, null, 4);","                }).join(' ') + '\\n';","                // scroll textarea to bottom","                element.scrollTop = element.scrollHeight;","            };","        });","        // init event-handling","        ['change', 'click', 'keyup'].forEach(function (event) {","            Array.from(document.querySelectorAll('.on' + event)).forEach(function (element) {","                element.addEventListener(event, local.testRunBrowser);","            });","        });","        // run tests","        local.testRunBrowser();","        break;","","","","    // run node js-env code - post-init","    /* istanbul ignore next */","    case 'node':","        // export local","        module.exports = local;","        // require modules","        local.fs = require('fs');","        local.http = require('http');","        local.url = require('url');","        // init assets","        local.assetsDict = local.assetsDict || {};","        /* jslint-ignore-begin */","        local.assetsDict['/assets.index.template.html'] = '\\","<!doctype html>\\n\\","<html lang=\"en\">\\n\\","<head>\\n\\","<meta charset=\"UTF-8\">\\n\\","<meta name=\"viewport\" content=\"width=device-width, initial-scale=1\">\\n\\","<title>{{env.npm_package_name}} (v{{env.npm_package_version}})</title>\\n\\","<style>\\n\\","/*csslint\\n\\","    box-sizing: false,\\n\\","    universal-selector: false\\n\\","*/\\n\\","* {\\n\\","    box-sizing: border-box;\\n\\","}\\n\\","body {\\n\\","    background: #dde;\\n\\","    font-family: Arial, Helvetica, sans-serif;\\n\\","    margin: 2rem;\\n\\","}\\n\\","body > * {\\n\\","    margin-bottom: 1rem;\\n\\","}\\n\\",".utility2FooterDiv {\\n\\","    margin-top: 20px;\\n\\","    text-align: center;\\n\\","}\\n\\","</style>\\n\\","<style>\\n\\","/*csslint\\n\\","*/\\n\\","textarea {\\n\\","    font-family: monospace;\\n\\","    height: 10rem;\\n\\","    width: 100%;\\n\\","}\\n\\","textarea[readonly] {\\n\\","    background: #ddd;\\n\\","}\\n\\","</style>\\n\\","</head>\\n\\","<body>\\n\\","<!-- utility2-comment\\n\\","<div id=\"ajaxProgressDiv1\" style=\"background: #d00; height: 2px; left: 0; margin: 0; padding: 0; position: fixed; top: 0; transition: background 0.5s, width 1.5s; width: 25%;\"></div>\\n\\","utility2-comment -->\\n\\","<h1>\\n\\","<!-- utility2-comment\\n\\","    <a\\n\\","        {{#if env.npm_package_homepage}}\\n\\","        href=\"{{env.npm_package_homepage}}\"\\n\\","        {{/if env.npm_package_homepage}}\\n\\","        target=\"_blank\"\\n\\","    >\\n\\","utility2-comment -->\\n\\","        {{env.npm_package_name}} (v{{env.npm_package_version}})\\n\\","<!-- utility2-comment\\n\\","    </a>\\n\\","utility2-comment -->\\n\\","</h1>\\n\\","<h3>{{env.npm_package_description}}</h3>\\n\\","<!-- utility2-comment\\n\\","<h4><a download href=\"assets.app.js\">download standalone app</a></h4>\\n\\","<button class=\"onclick onreset\" id=\"testRunButton1\">run internal test</button><br>\\n\\","<div id=\"testReportDiv1\" style=\"display: none;\"></div>\\n\\","utility2-comment -->\\n\\","\\n\\","\\n\\","\\n\\","<label>stderr and stdout</label>\\n\\","<textarea class=\"resettable\" id=\"outputTextareaStdout1\" readonly></textarea>\\n\\","<!-- utility2-comment\\n\\","{{#if isRollup}}\\n\\","<script src=\"assets.app.js\"></script>\\n\\","{{#unless isRollup}}\\n\\","utility2-comment -->\\n\\","<script src=\"assets.utility2.rollup.js\"></script>\\n\\","<script src=\"jsonp.utility2._stateInit?callback=window.utility2._stateInit\"></script>\\n\\","<script src=\"assets.npmtest_tough_cookie.rollup.js\"></script>\\n\\","<script src=\"assets.example.js\"></script>\\n\\","<script src=\"assets.test.js\"></script>\\n\\","<!-- utility2-comment\\n\\","{{/if isRollup}}\\n\\","utility2-comment -->\\n\\","<div class=\"utility2FooterDiv\">\\n\\","    [ this app was created with\\n\\","    <a href=\"https://github.com/kaizhu256/node-utility2\" target=\"_blank\">utility2</a>\\n\\","    ]\\n\\","</div>\\n\\","</body>\\n\\","</html>\\n\\","';","        /* jslint-ignore-end */","        if (local.templateRender) {","            local.assetsDict['/'] = local.templateRender(","                local.assetsDict['/assets.index.template.html'],","                {","                    env: local.objectSetDefault(local.env, {","                        npm_package_description: 'the greatest app in the world!',","                        npm_package_name: 'my-app',","                        npm_package_nameAlias: 'my_app',","                        npm_package_version: '0.0.1'","                    })","                }","            );","        } else {","            local.assetsDict['/'] = local.assetsDict['/assets.index.template.html']","                .replace((/\\{\\{env\\.(\\w+?)\\}\\}/g), function (match0, match1) {","                    // jslint-hack","                    String(match0);","                    switch (match1) {","                    case 'npm_package_description':","                        return 'the greatest app in the world!';","                    case 'npm_package_name':","                        return 'my-app';","                    case 'npm_package_nameAlias':","                        return 'my_app';","                    case 'npm_package_version':","                        return '0.0.1';","                    }","                });","        }","        // run the cli","        if (local.global.utility2_rollup || module !== require.main) {","            break;","        }","        local.assetsDict['/assets.example.js'] =","            local.assetsDict['/assets.example.js'] ||","            local.fs.readFileSync(__filename, 'utf8');","        local.assetsDict['/assets.npmtest_tough_cookie.rollup.js'] =","            local.assetsDict['/assets.npmtest_tough_cookie.rollup.js'] ||","            local.fs.readFileSync(","                // buildCustomOrg-hack","                local.npmtest_tough_cookie.__dirname +","                    '/lib.npmtest_tough_cookie.js',","                'utf8'","            ).replace((/^#!/), '//');","        local.assetsDict['/favicon.ico'] = local.assetsDict['/favicon.ico'] || '';","        // if $npm_config_timeout_exit exists,","        // then exit this process after $npm_config_timeout_exit ms","        if (Number(process.env.npm_config_timeout_exit)) {","            setTimeout(process.exit, Number(process.env.npm_config_timeout_exit));","        }","        // start server","        if (local.global.utility2_serverHttp1) {","            break;","        }","        process.env.PORT = process.env.PORT || '8081';","        console.error('server starting on port ' + process.env.PORT);","        local.http.createServer(function (request, response) {","            request.urlParsed = local.url.parse(request.url);","            if (local.assetsDict[request.urlParsed.pathname] !== undefined) {","                response.end(local.assetsDict[request.urlParsed.pathname]);","                return;","            }","            response.statusCode = 404;","            response.end();","        }).listen(process.env.PORT);","        break;","    }","}());",""],"l":{"26":2,"28":2,"33":2,"35":2,"37":2,"38":2,"39":2,"44":1,"51":2,"55":2,"59":2,"61":2,"69":1,"70":2,"76":2,"79":2,"82":2,"83":2,"85":1,"89":2,"92":1,"93":1,"94":1,"96":1,"97":1,"100":1,"101":1,"103":1,"106":1,"108":2,"114":1,"116":1,"118":1,"123":1,"124":2,"125":2,"126":2,"127":2,"128":2,"129":2,"130":1,"133":2,"134":2,"139":2,"143":1,"144":3,"145":1,"149":1,"150":1,"158":1,"160":1,"161":1,"162":1,"164":1,"166":1,"258":1,"259":1,"271":1,"274":6,"275":6,"277":1,"279":2,"281":1,"283":2,"288":1,"289":1,"291":1,"294":1,"302":1,"305":1,"306":1,"309":1,"310":1,"312":1,"313":1,"314":1,"315":1,"316":1,"317":1,"318":1,"320":1,"321":1,"323":1}},"/home/travis/build/npmtest/node-npmtest-tough-cookie/tough-cookie/lib/cookie.js":{"path":"/home/travis/build/npmtest/node-npmtest-tough-cookie/tough-cookie/lib/cookie.js","s":{"1":1,"2":1,"3":1,"4":1,"5":1,"6":1,"7":1,"8":1,"9":1,"10":1,"11":0,"12":1,"13":1,"14":1,"15":1,"16":1,"17":1,"18":1,"19":1,"20":1,"21":1,"22":1,"23":1,"24":1,"25":1,"26":1,"27":1,"28":1,"29":0,"30":0,"31":0,"32":0,"33":0,"34":0,"35":0,"36":0,"37":0,"38":0,"39":0,"40":0,"41":0,"42":0,"43":0,"44":0,"45":0,"46":0,"47":0,"48":0,"49":0,"50":0,"51":0,"52":0,"53":0,"54":0,"55":0,"56":0,"57":0,"58":0,"59":0,"60":0,"61":0,"62":0,"63":0,"64":0,"65":0,"66":0,"67":0,"68":0,"69":0,"70":0,"71":0,"72":0,"73":0,"74":0,"75":0,"76":0,"77":0,"78":0,"79":1,"80":0,"81":0,"82":0,"83":0,"84":0,"85":0,"86":0,"87":0,"88":0,"89":1,"90":0,"91":0,"92":0,"93":0,"94":0,"95":0,"96":1,"97":0,"98":0,"99":0,"100":0,"101":0,"102":0,"103":0,"104":0,"105":0,"106":0,"107":0,"108":0,"109":0,"110":0,"111":0,"112":0,"113":0,"114":1,"115":0,"116":0,"117":0,"118":0,"119":0,"120":0,"121":0,"122":0,"123":1,"124":0,"125":0,"126":0,"127":0,"128":0,"129":0,"130":0,"131":0,"132":0,"133":0,"134":0,"135":0,"136":0,"137":0,"138":0,"139":0,"140":0,"141":0,"142":0,"143":0,"144":0,"145":0,"146":0,"147":0,"148":0,"149":0,"150":0,"151":0,"152":0,"153":0,"154":0,"155":0,"156":0,"157":0,"158":0,"159":0,"160":0,"161":0,"162":0,"163":0,"164":0,"165":0,"166":0,"167":0,"168":0,"169":0,"170":0,"171":0,"172":0,"173":0,"174":0,"175":0,"176":0,"177":0,"178":0,"179":0,"180":0,"181":0,"182":0,"183":0,"184":0,"185":1,"186":0,"187":0,"188":0,"189":0,"190":0,"191":1,"192":0,"193":0,"194":0,"195":0,"196":0,"197":0,"198":0,"199":0,"200":0,"201":0,"202":0,"203":0,"204":0,"205":0,"206":0,"207":0,"208":0,"209":0,"210":0,"211":1,"212":0,"213":0,"214":0,"215":0,"216":0,"217":0,"218":0,"219":0,"220":0,"221":0,"222":0,"223":0,"224":0,"225":1,"226":0,"227":0,"228":0,"229":0,"230":0,"231":0,"232":0,"233":0,"234":0,"235":0,"236":0,"237":0,"238":0,"239":1,"240":0,"241":0,"242":0,"243":0,"244":0,"245":1,"246":0,"247":0,"248":0,"249":0,"250":0,"251":0,"252":1,"253":1,"254":1,"255":1,"256":1,"257":1,"258":1,"259":1,"260":1,"261":1,"262":1,"263":1,"264":1,"265":1,"266":1,"267":1,"268":1,"269":1,"270":13,"271":1,"272":0,"273":0,"274":1,"275":0,"276":0,"277":0,"278":0,"279":0,"280":0,"281":0,"282":0,"283":0,"284":0,"285":0,"286":0,"287":0,"288":0,"289":0,"290":0,"291":1,"292":0,"293":1,"294":0,"295":0,"296":0,"297":0,"298":0,"299":0,"300":0,"301":0,"302":0,"303":0,"304":0,"305":0,"306":0,"307":0,"308":0,"309":0,"310":1,"311":0,"312":0,"313":0,"314":1,"315":0,"316":0,"317":0,"318":1,"319":0,"320":0,"321":0,"322":0,"323":0,"324":0,"325":1,"326":0,"327":0,"328":0,"329":0,"330":0,"331":0,"332":0,"333":0,"334":0,"335":0,"336":0,"337":0,"338":0,"339":0,"340":0,"341":0,"342":0,"343":0,"344":0,"345":1,"346":0,"347":0,"348":0,"349":0,"350":0,"351":0,"352":0,"353":0,"354":0,"355":0,"356":1,"357":0,"358":0,"359":0,"360":0,"361":0,"362":0,"363":0,"364":1,"365":0,"366":0,"367":0,"368":0,"369":0,"370":0,"371":1,"372":0,"373":1,"374":0,"375":0,"376":0,"377":1,"378":0,"379":0,"380":0,"381":0,"382":0,"383":0,"384":0,"385":0,"386":0,"387":0,"388":0,"389":1,"390":1,"391":1,"392":1,"393":1,"394":1,"395":0,"396":0,"397":0,"398":0,"399":0,"400":0,"401":0,"402":0,"403":0,"404":0,"405":0,"406":0,"407":0,"408":0,"409":0,"410":0,"411":0,"412":0,"413":0,"414":0,"415":0,"416":0,"417":0,"418":0,"419":0,"420":0,"421":0,"422":0,"423":0,"424":0,"425":0,"426":0,"427":0,"428":0,"429":0,"430":0,"431":0,"432":0,"433":1,"434":0,"435":0,"436":0,"437":0,"438":0,"439":0,"440":0,"441":0,"442":0,"443":0,"444":0,"445":0,"446":0,"447":0,"448":0,"449":0,"450":0,"451":1,"452":1,"453":0,"454":0,"455":0,"456":0,"457":0,"458":0,"459":0,"460":0,"461":0,"462":0,"463":0,"464":0,"465":0,"466":0,"467":0,"468":0,"469":1,"470":0,"471":0,"472":0,"473":0,"474":0,"475":0,"476":0,"477":0,"478":0,"479":0,"480":0,"481":0,"482":0,"483":0,"484":0,"485":0,"486":0,"487":0,"488":0,"489":0,"490":0,"491":0,"492":0,"493":0,"494":0,"495":1,"496":1,"497":0,"498":0,"499":0,"500":0,"501":0,"502":0,"503":0,"504":0,"505":0,"506":1,"507":1,"508":0,"509":0,"510":0,"511":0,"512":0,"513":0,"514":0,"515":0,"516":0,"517":1,"518":1,"519":0,"520":0,"521":0,"522":0,"523":0,"524":0,"525":0,"526":0,"527":0,"528":0,"529":0,"530":0,"531":0,"532":0,"533":1,"534":0,"535":1,"536":1,"537":0,"538":0,"539":0,"540":0,"541":1,"542":0,"543":0,"544":0,"545":0,"546":0,"547":0,"548":0,"549":0,"550":0,"551":0,"552":0,"553":0,"554":1,"555":0,"556":0,"557":0,"558":0,"559":0,"560":0,"561":0,"562":0,"563":0,"564":0,"565":0,"566":0,"567":0,"568":0,"569":1,"570":0,"571":0,"572":0,"573":0,"574":0,"575":0,"576":1,"577":1,"578":1,"579":0,"580":0,"581":0,"582":0,"583":0,"584":0,"585":0,"586":1,"587":7,"588":0,"589":0,"590":0,"591":0,"592":0,"593":0,"594":0,"595":0,"596":0,"597":0,"598":0,"599":1,"600":7,"601":1},"b":{"1":[0,0],"2":[0,0],"3":[0,0],"4":[0,0],"5":[0,0],"6":[0,0],"7":[0,0,0],"8":[0,0],"9":[0,0],"10":[0,0],"11":[0,0],"12":[0,0],"13":[0,0],"14":[0,0],"15":[0,0],"16":[0,0],"17":[0,0],"18":[0,0],"19":[0,0],"20":[0,0],"21":[0,0],"22":[0,0,0,0],"23":[0,0],"24":[0,0],"25":[0,0],"26":[0,0],"27":[0,0],"28":[0,0],"29":[0,0],"30":[0,0],"31":[0,0],"32":[0,0],"33":[0,0],"34":[0,0],"35":[0,0],"36":[0,0],"37":[0,0],"38":[0,0],"39":[0,0],"40":[0,0],"41":[0,0],"42":[0,0],"43":[0,0],"44":[0,0],"45":[0,0],"46":[0,0],"47":[0,0],"48":[0,0],"49":[0,0],"50":[0,0],"51":[0,0],"52":[0,0],"53":[0,0],"54":[0,0],"55":[0,0,0,0,0,0,0],"56":[0,0],"57":[0,0],"58":[0,0],"59":[0,0],"60":[0,0],"61":[0,0],"62":[0,0],"63":[0,0],"64":[0,0],"65":[0,0],"66":[0,0],"67":[0,0],"68":[0,0],"69":[0,0],"70":[0,0],"71":[0,0,0],"72":[0,0],"73":[0,0],"74":[0,0],"75":[0,0],"76":[0,0],"77":[0,0],"78":[0,0],"79":[0,0],"80":[0,0],"81":[0,0],"82":[0,0],"83":[0,0],"84":[0,0],"85":[0,0],"86":[0,0,0],"87":[0,0],"88":[13,13,13],"89":[0,0],"90":[0,0],"91":[0,0],"92":[0,0],"93":[0,0],"94":[0,0,0],"95":[0,0],"96":[0,0],"97":[0,0],"98":[0,0],"99":[0,0],"100":[0,0],"101":[0,0],"102":[0,0],"103":[0,0],"104":[0,0,0],"105":[0,0],"106":[0,0],"107":[0,0],"108":[0,0],"109":[0,0],"110":[0,0],"111":[0,0],"112":[0,0],"113":[0,0],"114":[0,0],"115":[0,0],"116":[0,0],"117":[0,0],"118":[0,0],"119":[0,0],"120":[0,0],"121":[0,0],"122":[0,0],"123":[0,0],"124":[0,0],"125":[0,0],"126":[0,0],"127":[0,0],"128":[0,0],"129":[0,0],"130":[0,0],"131":[0,0],"132":[0,0],"133":[0,0],"134":[0,0],"135":[0,0],"136":[0,0,0],"137":[0,0],"138":[0,0],"139":[0,0],"140":[0,0],"141":[0,0],"142":[0,0],"143":[0,0],"144":[0,0],"145":[0,0],"146":[0,0],"147":[0,0],"148":[0,0],"149":[0,0],"150":[0,0],"151":[0,0],"152":[0,0],"153":[0,0],"154":[0,0],"155":[0,0],"156":[0,0],"157":[0,0],"158":[0,0],"159":[0,0],"160":[0,0],"161":[0,0],"162":[0,0],"163":[0,0],"164":[0,0],"165":[0,0],"166":[0,0],"167":[0,0],"168":[0,0],"169":[0,0],"170":[0,0],"171":[0,0],"172":[0,0],"173":[0,0],"174":[0,0],"175":[0,0],"176":[0,0],"177":[0,0,0,0],"178":[0,0],"179":[0,0],"180":[0,0],"181":[0,0],"182":[0,0],"183":[0,0],"184":[0,0],"185":[0,0],"186":[0,0],"187":[0,0],"188":[0,0],"189":[0,0],"190":[0,0],"191":[0,0],"192":[0,0],"193":[0,0],"194":[0,0],"195":[0,0],"196":[0,0],"197":[0,0],"198":[0,0],"199":[0,0],"200":[0,0],"201":[0,0],"202":[0,0],"203":[0,0],"204":[0,0],"205":[0,0],"206":[0,0],"207":[0,0],"208":[0,0],"209":[0,0],"210":[0,0],"211":[0,0],"212":[0,0],"213":[0,0],"214":[0,0],"215":[0,0]},"f":{"1":0,"2":0,"3":0,"4":0,"5":0,"6":0,"7":0,"8":0,"9":0,"10":0,"11":0,"12":0,"13":0,"14":13,"15":0,"16":0,"17":0,"18":0,"19":0,"20":0,"21":0,"22":0,"23":0,"24":0,"25":0,"26":0,"27":0,"28":0,"29":0,"30":0,"31":0,"32":0,"33":0,"34":0,"35":0,"36":0,"37":0,"38":0,"39":0,"40":0,"41":0,"42":0,"43":0,"44":0,"45":0,"46":0,"47":0,"48":0,"49":0,"50":0,"51":0,"52":0,"53":0,"54":0,"55":0,"56":7,"57":0,"58":0,"59":7},"fnMap":{"1":{"name":"parseDate","line":93,"loc":{"start":{"line":93,"column":0},"end":{"line":93,"column":24}}},"2":{"name":"formatDate","line":216,"loc":{"start":{"line":216,"column":0},"end":{"line":216,"column":26}}},"3":{"name":"canonicalDomain","line":227,"loc":{"start":{"line":227,"column":0},"end":{"line":227,"column":30}}},"4":{"name":"domainMatch","line":242,"loc":{"start":{"line":242,"column":0},"end":{"line":242,"column":48}}},"5":{"name":"defaultPath","line":297,"loc":{"start":{"line":297,"column":0},"end":{"line":297,"column":27}}},"6":{"name":"parse","line":321,"loc":{"start":{"line":321,"column":0},"end":{"line":321,"column":29}}},"7":{"name":"jsonParse","line":475,"loc":{"start":{"line":475,"column":0},"end":{"line":475,"column":24}}},"8":{"name":"fromJSON","line":485,"loc":{"start":{"line":485,"column":0},"end":{"line":485,"column":23}}},"9":{"name":"cookieCompare","line":537,"loc":{"start":{"line":537,"column":0},"end":{"line":537,"column":28}}},"10":{"name":"permutePath","line":564,"loc":{"start":{"line":564,"column":0},"end":{"line":564,"column":27}}},"11":{"name":"getCookieContext","line":584,"loc":{"start":{"line":584,"column":0},"end":{"line":584,"column":31}}},"12":{"name":"Cookie","line":600,"loc":{"start":{"line":600,"column":0},"end":{"line":600,"column":25}}},"13":{"name":"(anonymous_13)","line":603,"loc":{"start":{"line":603,"column":31},"end":{"line":603,"column":46}}},"14":{"name":"(anonymous_14)","line":653,"loc":{"start":{"line":653,"column":10},"end":{"line":653,"column":25}}},"15":{"name":"inspect","line":661,"loc":{"start":{"line":661,"column":27},"end":{"line":661,"column":46}}},"16":{"name":"(anonymous_16)","line":670,"loc":{"start":{"line":670,"column":26},"end":{"line":670,"column":37}}},"17":{"name":"(anonymous_17)","line":706,"loc":{"start":{"line":706,"column":25},"end":{"line":706,"column":36}}},"18":{"name":"validate","line":710,"loc":{"start":{"line":710,"column":28},"end":{"line":710,"column":48}}},"19":{"name":"setExpires","line":737,"loc":{"start":{"line":737,"column":30},"end":{"line":737,"column":55}}},"20":{"name":"setMaxAge","line":745,"loc":{"start":{"line":745,"column":29},"end":{"line":745,"column":53}}},"21":{"name":"cookieString","line":754,"loc":{"start":{"line":754,"column":32},"end":{"line":754,"column":56}}},"22":{"name":"toString","line":766,"loc":{"start":{"line":766,"column":28},"end":{"line":766,"column":48}}},"23":{"name":"(anonymous_23)","line":795,"loc":{"start":{"line":795,"column":28},"end":{"line":795,"column":42}}},"24":{"name":"TTL","line":807,"loc":{"start":{"line":807,"column":23},"end":{"line":807,"column":41}}},"25":{"name":"expiryTime","line":835,"loc":{"start":{"line":835,"column":30},"end":{"line":835,"column":55}}},"26":{"name":"expiryDate","line":850,"loc":{"start":{"line":850,"column":30},"end":{"line":850,"column":55}}},"27":{"name":"isPersistent","line":862,"loc":{"start":{"line":862,"column":32},"end":{"line":862,"column":56}}},"28":{"name":"canonicalizedDomain","line":868,"loc":{"start":{"line":868,"column":39},"end":{"line":868,"column":70}}},"29":{"name":"CookieJar","line":875,"loc":{"start":{"line":875,"column":0},"end":{"line":875,"column":35}}},"30":{"name":"(anonymous_30)","line":899,"loc":{"start":{"line":899,"column":32},"end":{"line":899,"column":67}}},"31":{"name":"(anonymous_31)","line":974,"loc":{"start":{"line":974,"column":25},"end":{"line":974,"column":60}}},"32":{"name":"withCookie","line":979,"loc":{"start":{"line":979,"column":2},"end":{"line":979,"column":38}}},"33":{"name":"(anonymous_33)","line":984,"loc":{"start":{"line":984,"column":15},"end":{"line":984,"column":29}}},"34":{"name":"(anonymous_34)","line":1016,"loc":{"start":{"line":1016,"column":33},"end":{"line":1016,"column":60}}},"35":{"name":"matchingCookie","line":1043,"loc":{"start":{"line":1043,"column":2},"end":{"line":1043,"column":29}}},"36":{"name":"(anonymous_36)","line":1080,"loc":{"start":{"line":1080,"column":50},"end":{"line":1080,"column":60}}},"37":{"name":"(anonymous_37)","line":1087,"loc":{"start":{"line":1087,"column":50},"end":{"line":1087,"column":72}}},"38":{"name":"(anonymous_38)","line":1101,"loc":{"start":{"line":1101,"column":20},"end":{"line":1101,"column":32}}},"39":{"name":"(anonymous_39)","line":1111,"loc":{"start":{"line":1111,"column":38},"end":{"line":1111,"column":60}}},"40":{"name":"(anonymous_40)","line":1114,"loc":{"start":{"line":1114,"column":13},"end":{"line":1114,"column":35}}},"41":{"name":"(anonymous_41)","line":1120,"loc":{"start":{"line":1120,"column":13},"end":{"line":1120,"column":24}}},"42":{"name":"(anonymous_42)","line":1131,"loc":{"start":{"line":1131,"column":42},"end":{"line":1131,"column":64}}},"43":{"name":"(anonymous_43)","line":1134,"loc":{"start":{"line":1134,"column":13},"end":{"line":1134,"column":35}}},"44":{"name":"(anonymous_44)","line":1138,"loc":{"start":{"line":1138,"column":27},"end":{"line":1138,"column":38}}},"45":{"name":"(anonymous_45)","line":1148,"loc":{"start":{"line":1148,"column":32},"end":{"line":1148,"column":45}}},"46":{"name":"(anonymous_46)","line":1177,"loc":{"start":{"line":1177,"column":27},"end":{"line":1177,"column":49}}},"47":{"name":"(anonymous_47)","line":1182,"loc":{"start":{"line":1182,"column":37},"end":{"line":1182,"column":54}}},"48":{"name":"(anonymous_48)","line":1197,"loc":{"start":{"line":1197,"column":29},"end":{"line":1197,"column":40}}},"49":{"name":"(anonymous_49)","line":1203,"loc":{"start":{"line":1203,"column":37},"end":{"line":1203,"column":62}}},"50":{"name":"putNext","line":1210,"loc":{"start":{"line":1210,"column":2},"end":{"line":1210,"column":24}}},"51":{"name":"(anonymous_51)","line":1236,"loc":{"start":{"line":1236,"column":24},"end":{"line":1236,"column":54}}},"52":{"name":"(anonymous_52)","line":1254,"loc":{"start":{"line":1254,"column":33},"end":{"line":1254,"column":47}}},"53":{"name":"(anonymous_53)","line":1262,"loc":{"start":{"line":1262,"column":28},"end":{"line":1262,"column":54}}},"54":{"name":"(anonymous_54)","line":1278,"loc":{"start":{"line":1278,"column":28},"end":{"line":1278,"column":51}}},"55":{"name":"(anonymous_55)","line":1284,"loc":{"start":{"line":1284,"column":17},"end":{"line":1284,"column":42}}},"56":{"name":"syncWrap","line":1293,"loc":{"start":{"line":1293,"column":0},"end":{"line":1293,"column":26}}},"57":{"name":"(anonymous_57)","line":1294,"loc":{"start":{"line":1294,"column":9},"end":{"line":1294,"column":20}}},"58":{"name":"syncCb","line":1301,"loc":{"start":{"line":1301,"column":14},"end":{"line":1301,"column":43}}},"59":{"name":"(anonymous_59)","line":1315,"loc":{"start":{"line":1315,"column":20},"end":{"line":1315,"column":37}}}},"statementMap":{"1":{"start":{"line":32,"column":0},"end":{"line":32,"column":25}},"2":{"start":{"line":33,"column":0},"end":{"line":33,"column":36}},"3":{"start":{"line":34,"column":0},"end":{"line":34,"column":39}},"4":{"start":{"line":35,"column":0},"end":{"line":35,"column":37}},"5":{"start":{"line":36,"column":0},"end":{"line":36,"column":64}},"6":{"start":{"line":37,"column":0},"end":{"line":37,"column":49}},"7":{"start":{"line":38,"column":0},"end":{"line":38,"column":49}},"8":{"start":{"line":40,"column":0},"end":{"line":40,"column":13}},"9":{"start":{"line":41,"column":0},"end":{"line":45,"column":1}},"10":{"start":{"line":42,"column":2},"end":{"line":42,"column":33}},"11":{"start":{"line":44,"column":2},"end":{"line":44,"column":91}},"12":{"start":{"line":47,"column":0},"end":{"line":47,"column":62}},"13":{"start":{"line":51,"column":0},"end":{"line":51,"column":65}},"14":{"start":{"line":52,"column":0},"end":{"line":52,"column":61}},"15":{"start":{"line":54,"column":0},"end":{"line":54,"column":34}},"16":{"start":{"line":61,"column":0},"end":{"line":61,"column":51}},"17":{"start":{"line":65,"column":0},"end":{"line":65,"column":64}},"18":{"start":{"line":69,"column":0},"end":{"line":69,"column":41}},"19":{"start":{"line":71,"column":0},"end":{"line":71,"column":39}},"20":{"start":{"line":72,"column":0},"end":{"line":72,"column":63}},"21":{"start":{"line":73,"column":0},"end":{"line":73,"column":66}},"22":{"start":{"line":75,"column":0},"end":{"line":78,"column":2}},"23":{"start":{"line":79,"column":0},"end":{"line":81,"column":2}},"24":{"start":{"line":82,"column":0},"end":{"line":84,"column":2}},"25":{"start":{"line":86,"column":0},"end":{"line":86,"column":29}},"26":{"start":{"line":88,"column":0},"end":{"line":88,"column":29}},"27":{"start":{"line":89,"column":0},"end":{"line":89,"column":17}},"28":{"start":{"line":93,"column":0},"end":{"line":214,"column":1}},"29":{"start":{"line":94,"column":2},"end":{"line":96,"column":3}},"30":{"start":{"line":95,"column":4},"end":{"line":95,"column":11}},"31":{"start":{"line":102,"column":2},"end":{"line":102,"column":37}},"32":{"start":{"line":103,"column":2},"end":{"line":105,"column":3}},"33":{"start":{"line":104,"column":4},"end":{"line":104,"column":11}},"34":{"start":{"line":107,"column":2},"end":{"line":107,"column":18}},"35":{"start":{"line":108,"column":2},"end":{"line":108,"column":21}},"36":{"start":{"line":109,"column":2},"end":{"line":109,"column":21}},"37":{"start":{"line":110,"column":2},"end":{"line":110,"column":17}},"38":{"start":{"line":111,"column":2},"end":{"line":111,"column":19}},"39":{"start":{"line":112,"column":2},"end":{"line":112,"column":18}},"40":{"start":{"line":114,"column":2},"end":{"line":206,"column":3}},"41":{"start":{"line":115,"column":4},"end":{"line":115,"column":33}},"42":{"start":{"line":116,"column":4},"end":{"line":118,"column":5}},"43":{"start":{"line":117,"column":6},"end":{"line":117,"column":15}},"44":{"start":{"line":120,"column":4},"end":{"line":120,"column":15}},"45":{"start":{"line":128,"column":4},"end":{"line":146,"column":5}},"46":{"start":{"line":129,"column":6},"end":{"line":129,"column":32}},"47":{"start":{"line":130,"column":6},"end":{"line":145,"column":7}},"48":{"start":{"line":131,"column":8},"end":{"line":131,"column":39}},"49":{"start":{"line":132,"column":8},"end":{"line":132,"column":42}},"50":{"start":{"line":133,"column":8},"end":{"line":133,"column":42}},"51":{"start":{"line":140,"column":8},"end":{"line":142,"column":9}},"52":{"start":{"line":141,"column":10},"end":{"line":141,"column":17}},"53":{"start":{"line":144,"column":8},"end":{"line":144,"column":17}},"54":{"start":{"line":153,"column":4},"end":{"line":165,"column":5}},"55":{"start":{"line":154,"column":6},"end":{"line":154,"column":40}},"56":{"start":{"line":155,"column":6},"end":{"line":164,"column":7}},"57":{"start":{"line":156,"column":8},"end":{"line":156,"column":35}},"58":{"start":{"line":160,"column":8},"end":{"line":162,"column":9}},"59":{"start":{"line":161,"column":10},"end":{"line":161,"column":17}},"60":{"start":{"line":163,"column":8},"end":{"line":163,"column":17}},"61":{"start":{"line":172,"column":4},"end":{"line":178,"column":5}},"62":{"start":{"line":173,"column":6},"end":{"line":173,"column":33}},"63":{"start":{"line":174,"column":6},"end":{"line":177,"column":7}},"64":{"start":{"line":175,"column":8},"end":{"line":175,"column":54}},"65":{"start":{"line":176,"column":8},"end":{"line":176,"column":17}},"66":{"start":{"line":185,"column":4},"end":{"line":205,"column":5}},"67":{"start":{"line":186,"column":6},"end":{"line":186,"column":32}},"68":{"start":{"line":187,"column":6},"end":{"line":204,"column":7}},"69":{"start":{"line":188,"column":8},"end":{"line":188,"column":39}},"70":{"start":{"line":195,"column":8},"end":{"line":199,"column":9}},"71":{"start":{"line":196,"column":10},"end":{"line":196,"column":23}},"72":{"start":{"line":197,"column":15},"end":{"line":199,"column":9}},"73":{"start":{"line":198,"column":10},"end":{"line":198,"column":23}},"74":{"start":{"line":201,"column":8},"end":{"line":203,"column":9}},"75":{"start":{"line":202,"column":10},"end":{"line":202,"column":17}},"76":{"start":{"line":208,"column":2},"end":{"line":211,"column":3}},"77":{"start":{"line":209,"column":4},"end":{"line":209,"column":11}},"78":{"start":{"line":213,"column":2},"end":{"line":213,"column":70}},"79":{"start":{"line":216,"column":0},"end":{"line":224,"column":1}},"80":{"start":{"line":217,"column":2},"end":{"line":217,"column":28}},"81":{"start":{"line":217,"column":29},"end":{"line":217,"column":53}},"82":{"start":{"line":218,"column":2},"end":{"line":218,"column":29}},"83":{"start":{"line":218,"column":30},"end":{"line":218,"column":54}},"84":{"start":{"line":219,"column":2},"end":{"line":219,"column":31}},"85":{"start":{"line":219,"column":32},"end":{"line":219,"column":56}},"86":{"start":{"line":220,"column":2},"end":{"line":220,"column":31}},"87":{"start":{"line":220,"column":32},"end":{"line":220,"column":56}},"88":{"start":{"line":221,"column":2},"end":{"line":223,"column":25}},"89":{"start":{"line":227,"column":0},"end":{"line":239,"column":1}},"90":{"start":{"line":228,"column":2},"end":{"line":230,"column":3}},"91":{"start":{"line":229,"column":4},"end":{"line":229,"column":16}},"92":{"start":{"line":231,"column":2},"end":{"line":231,"column":37}},"93":{"start":{"line":234,"column":2},"end":{"line":236,"column":3}},"94":{"start":{"line":235,"column":4},"end":{"line":235,"column":32}},"95":{"start":{"line":238,"column":2},"end":{"line":238,"column":27}},"96":{"start":{"line":242,"column":0},"end":{"line":286,"column":1}},"97":{"start":{"line":243,"column":2},"end":{"line":245,"column":3}},"98":{"start":{"line":244,"column":4},"end":{"line":244,"column":16}},"99":{"start":{"line":246,"column":2},"end":{"line":249,"column":3}},"100":{"start":{"line":247,"column":4},"end":{"line":247,"column":31}},"101":{"start":{"line":248,"column":4},"end":{"line":248,"column":37}},"102":{"start":{"line":256,"column":2},"end":{"line":258,"column":3}},"103":{"start":{"line":257,"column":4},"end":{"line":257,"column":16}},"104":{"start":{"line":263,"column":2},"end":{"line":265,"column":3}},"105":{"start":{"line":264,"column":4},"end":{"line":264,"column":17}},"106":{"start":{"line":268,"column":2},"end":{"line":268,"column":32}},"107":{"start":{"line":269,"column":2},"end":{"line":271,"column":3}},"108":{"start":{"line":270,"column":4},"end":{"line":270,"column":17}},"109":{"start":{"line":275,"column":2},"end":{"line":277,"column":3}},"110":{"start":{"line":276,"column":4},"end":{"line":276,"column":17}},"111":{"start":{"line":281,"column":2},"end":{"line":283,"column":3}},"112":{"start":{"line":282,"column":4},"end":{"line":282,"column":17}},"113":{"start":{"line":285,"column":2},"end":{"line":285,"column":14}},"114":{"start":{"line":297,"column":0},"end":{"line":318,"column":1}},"115":{"start":{"line":300,"column":2},"end":{"line":302,"column":3}},"116":{"start":{"line":301,"column":4},"end":{"line":301,"column":15}},"117":{"start":{"line":306,"column":2},"end":{"line":308,"column":3}},"118":{"start":{"line":307,"column":4},"end":{"line":307,"column":16}},"119":{"start":{"line":310,"column":2},"end":{"line":310,"column":41}},"120":{"start":{"line":311,"column":2},"end":{"line":313,"column":3}},"121":{"start":{"line":312,"column":4},"end":{"line":312,"column":15}},"122":{"start":{"line":317,"column":2},"end":{"line":317,"column":35}},"123":{"start":{"line":321,"column":0},"end":{"line":472,"column":1}},"124":{"start":{"line":322,"column":2},"end":{"line":324,"column":3}},"125":{"start":{"line":323,"column":4},"end":{"line":323,"column":17}},"126":{"start":{"line":325,"column":2},"end":{"line":325,"column":19}},"127":{"start":{"line":328,"column":2},"end":{"line":328,"column":35}},"128":{"start":{"line":329,"column":2},"end":{"line":329,"column":63}},"129":{"start":{"line":330,"column":2},"end":{"line":330,"column":77}},"130":{"start":{"line":334,"column":2},"end":{"line":336,"column":3}},"131":{"start":{"line":335,"column":4},"end":{"line":335,"column":11}},"132":{"start":{"line":338,"column":2},"end":{"line":338,"column":23}},"133":{"start":{"line":339,"column":2},"end":{"line":343,"column":3}},"134":{"start":{"line":340,"column":4},"end":{"line":340,"column":29}},"135":{"start":{"line":342,"column":4},"end":{"line":342,"column":15}},"136":{"start":{"line":344,"column":2},"end":{"line":344,"column":29}},"137":{"start":{"line":345,"column":2},"end":{"line":347,"column":3}},"138":{"start":{"line":346,"column":4},"end":{"line":346,"column":11}},"139":{"start":{"line":349,"column":2},"end":{"line":351,"column":3}},"140":{"start":{"line":350,"column":4},"end":{"line":350,"column":13}},"141":{"start":{"line":356,"column":2},"end":{"line":356,"column":49}},"142":{"start":{"line":360,"column":2},"end":{"line":362,"column":3}},"143":{"start":{"line":361,"column":4},"end":{"line":361,"column":13}},"144":{"start":{"line":372,"column":2},"end":{"line":372,"column":39}},"145":{"start":{"line":373,"column":2},"end":{"line":469,"column":3}},"146":{"start":{"line":374,"column":4},"end":{"line":374,"column":39}},"147":{"start":{"line":375,"column":4},"end":{"line":377,"column":5}},"148":{"start":{"line":376,"column":6},"end":{"line":376,"column":15}},"149":{"start":{"line":378,"column":4},"end":{"line":378,"column":33}},"150":{"start":{"line":379,"column":4},"end":{"line":379,"column":25}},"151":{"start":{"line":381,"column":4},"end":{"line":387,"column":5}},"152":{"start":{"line":382,"column":6},"end":{"line":382,"column":18}},"153":{"start":{"line":383,"column":6},"end":{"line":383,"column":22}},"154":{"start":{"line":385,"column":6},"end":{"line":385,"column":35}},"155":{"start":{"line":386,"column":6},"end":{"line":386,"column":37}},"156":{"start":{"line":389,"column":4},"end":{"line":389,"column":41}},"157":{"start":{"line":391,"column":4},"end":{"line":393,"column":5}},"158":{"start":{"line":392,"column":6},"end":{"line":392,"column":33}},"159":{"start":{"line":395,"column":4},"end":{"line":468,"column":5}},"160":{"start":{"line":397,"column":6},"end":{"line":406,"column":7}},"161":{"start":{"line":398,"column":8},"end":{"line":398,"column":38}},"162":{"start":{"line":401,"column":8},"end":{"line":405,"column":9}},"163":{"start":{"line":404,"column":10},"end":{"line":404,"column":26}},"164":{"start":{"line":407,"column":6},"end":{"line":407,"column":12}},"165":{"start":{"line":410,"column":6},"end":{"line":420,"column":7}},"166":{"start":{"line":414,"column":8},"end":{"line":419,"column":9}},"167":{"start":{"line":415,"column":10},"end":{"line":415,"column":45}},"168":{"start":{"line":418,"column":10},"end":{"line":418,"column":29}},"169":{"start":{"line":421,"column":6},"end":{"line":421,"column":12}},"170":{"start":{"line":426,"column":6},"end":{"line":434,"column":7}},"171":{"start":{"line":429,"column":8},"end":{"line":429,"column":56}},"172":{"start":{"line":430,"column":8},"end":{"line":433,"column":9}},"173":{"start":{"line":432,"column":10},"end":{"line":432,"column":42}},"174":{"start":{"line":435,"column":6},"end":{"line":435,"column":12}},"175":{"start":{"line":448,"column":6},"end":{"line":448,"column":65}},"176":{"start":{"line":449,"column":6},"end":{"line":449,"column":12}},"177":{"start":{"line":457,"column":6},"end":{"line":457,"column":22}},"178":{"start":{"line":458,"column":6},"end":{"line":458,"column":12}},"179":{"start":{"line":461,"column":6},"end":{"line":461,"column":24}},"180":{"start":{"line":462,"column":6},"end":{"line":462,"column":12}},"181":{"start":{"line":465,"column":6},"end":{"line":465,"column":40}},"182":{"start":{"line":466,"column":6},"end":{"line":466,"column":28}},"183":{"start":{"line":467,"column":6},"end":{"line":467,"column":12}},"184":{"start":{"line":471,"column":2},"end":{"line":471,"column":11}},"185":{"start":{"line":475,"column":0},"end":{"line":483,"column":1}},"186":{"start":{"line":476,"column":2},"end":{"line":476,"column":10}},"187":{"start":{"line":477,"column":2},"end":{"line":481,"column":3}},"188":{"start":{"line":478,"column":4},"end":{"line":478,"column":26}},"189":{"start":{"line":480,"column":4},"end":{"line":480,"column":13}},"190":{"start":{"line":482,"column":2},"end":{"line":482,"column":13}},"191":{"start":{"line":485,"column":0},"end":{"line":526,"column":1}},"192":{"start":{"line":486,"column":2},"end":{"line":488,"column":3}},"193":{"start":{"line":487,"column":4},"end":{"line":487,"column":16}},"194":{"start":{"line":490,"column":2},"end":{"line":490,"column":10}},"195":{"start":{"line":491,"column":2},"end":{"line":499,"column":3}},"196":{"start":{"line":492,"column":4},"end":{"line":492,"column":25}},"197":{"start":{"line":493,"column":4},"end":{"line":495,"column":5}},"198":{"start":{"line":494,"column":6},"end":{"line":494,"column":18}},"199":{"start":{"line":498,"column":4},"end":{"line":498,"column":14}},"200":{"start":{"line":501,"column":2},"end":{"line":501,"column":23}},"201":{"start":{"line":502,"column":2},"end":{"line":523,"column":3}},"202":{"start":{"line":503,"column":4},"end":{"line":503,"column":48}},"203":{"start":{"line":504,"column":4},"end":{"line":508,"column":5}},"204":{"start":{"line":507,"column":6},"end":{"line":507,"column":15}},"205":{"start":{"line":510,"column":4},"end":{"line":522,"column":5}},"206":{"start":{"line":514,"column":6},"end":{"line":519,"column":7}},"207":{"start":{"line":515,"column":8},"end":{"line":515,"column":23}},"208":{"start":{"line":517,"column":8},"end":{"line":518,"column":43}},"209":{"start":{"line":521,"column":6},"end":{"line":521,"column":26}},"210":{"start":{"line":525,"column":2},"end":{"line":525,"column":11}},"211":{"start":{"line":537,"column":0},"end":{"line":560,"column":1}},"212":{"start":{"line":538,"column":2},"end":{"line":538,"column":14}},"213":{"start":{"line":541,"column":2},"end":{"line":541,"column":44}},"214":{"start":{"line":542,"column":2},"end":{"line":542,"column":44}},"215":{"start":{"line":543,"column":2},"end":{"line":543,"column":28}},"216":{"start":{"line":544,"column":2},"end":{"line":546,"column":3}},"217":{"start":{"line":545,"column":4},"end":{"line":545,"column":15}},"218":{"start":{"line":549,"column":2},"end":{"line":549,"column":59}},"219":{"start":{"line":550,"column":2},"end":{"line":550,"column":59}},"220":{"start":{"line":551,"column":2},"end":{"line":551,"column":22}},"221":{"start":{"line":552,"column":2},"end":{"line":554,"column":3}},"222":{"start":{"line":553,"column":4},"end":{"line":553,"column":15}},"223":{"start":{"line":557,"column":2},"end":{"line":557,"column":42}},"224":{"start":{"line":559,"column":2},"end":{"line":559,"column":13}},"225":{"start":{"line":564,"column":0},"end":{"line":582,"column":1}},"226":{"start":{"line":565,"column":2},"end":{"line":567,"column":3}},"227":{"start":{"line":566,"column":4},"end":{"line":566,"column":17}},"228":{"start":{"line":568,"column":2},"end":{"line":570,"column":3}},"229":{"start":{"line":569,"column":4},"end":{"line":569,"column":40}},"230":{"start":{"line":571,"column":2},"end":{"line":571,"column":28}},"231":{"start":{"line":572,"column":2},"end":{"line":579,"column":3}},"232":{"start":{"line":573,"column":4},"end":{"line":573,"column":39}},"233":{"start":{"line":574,"col
[...]
":{"line":129,"column":2},"end":{"line":131,"column":3}},"56":{"start":{"line":130,"column":4},"end":{"line":130,"column":39}},"57":{"start":{"line":132,"column":2},"end":{"line":132,"column":11}},"58":{"start":{"line":135,"column":0},"end":{"line":144,"column":2}},"59":{"start":{"line":136,"column":2},"end":{"line":142,"column":3}},"60":{"start":{"line":137,"column":4},"end":{"line":141,"column":5}},"61":{"start":{"line":138,"column":6},"end":{"line":138,"column":36}},"62":{"start":{"line":140,"column":6},"end":{"line":140,"column":30}},"63":{"start":{"line":143,"column":2},"end":{"line":143,"column":18}},"64":{"start":{"line":146,"column":0},"end":{"line":170,"column":2}},"65":{"start":{"line":147,"column":2},"end":{"line":147,"column":19}},"66":{"start":{"line":148,"column":2},"end":{"line":148,"column":21}},"67":{"start":{"line":150,"column":2},"end":{"line":150,"column":33}},"68":{"start":{"line":151,"column":2},"end":{"line":161,"column":5}},"69":{"start":{"line":152,"column":4},"end":{"line":152,"column":41}},"70":{"start":{"line":153,"column":4},"end":{"line":160,"column":7}},"71":{"start":{"line":154,"column":6},"end":{"line":154,"column":48}},"72":{"start":{"line":155,"column":6},"end":{"line":159,"column":9}},"73":{"start":{"line":156,"column":8},"end":{"line":158,"column":9}},"74":{"start":{"line":157,"column":10},"end":{"line":157,"column":47}},"75":{"start":{"line":165,"column":2},"end":{"line":167,"column":5}},"76":{"start":{"line":166,"column":4},"end":{"line":166,"column":55}},"77":{"start":{"line":169,"column":2},"end":{"line":169,"column":20}}},"branchMap":{"1":{"line":54,"type":"if","locations":[{"start":{"line":54,"column":2},"end":{"line":54,"column":2}},{"start":{"line":54,"column":2},"end":{"line":54,"column":2}}]},"2":{"line":57,"type":"if","locations":[{"start":{"line":57,"column":2},"end":{"line":57,"column":2}},{"start":{"line":57,"column":2},"end":{"line":57,"column":2}}]},"3":{"line":60,"type":"binary-expr","locations":[{"start":{"line":60,"column":17},"end":{"line":60,"column":44}},{"start":{"line":60,"column":46},"end":{"line":60,"column":50}}]},"4":{"line":65,"type":"if","locations":[{"start":{"line":65,"column":2},"end":{"line":65,"column":2}},{"start":{"line":65,"column":2},"end":{"line":65,"column":2}}]},"5":{"line":70,"type":"if","locations":[{"start":{"line":70,"column":2},"end":{"line":70,"column":2}},{"start":{"line":70,"column":2},"end":{"line":70,"column":2}}]},"6":{"line":86,"type":"if","locations":[{"start":{"line":86,"column":9},"end":{"line":86,"column":9}},{"start":{"line":86,"column":9},"end":{"line":86,"column":9}}]},"7":{"line":97,"type":"binary-expr","locations":[{"start":{"line":97,"column":16},"end":{"line":97,"column":37}},{"start":{"line":97,"column":41},"end":{"line":97,"column":49}}]},"8":{"line":101,"type":"if","locations":[{"start":{"line":101,"column":4},"end":{"line":101,"column":4}},{"start":{"line":101,"column":4},"end":{"line":101,"column":4}}]},"9":{"line":111,"type":"if","locations":[{"start":{"line":111,"column":2},"end":{"line":111,"column":2}},{"start":{"line":111,"column":2},"end":{"line":111,"column":2}}]},"10":{"line":114,"type":"if","locations":[{"start":{"line":114,"column":2},"end":{"line":114,"column":2}},{"start":{"line":114,"column":2},"end":{"line":114,"column":2}}]},"11":{"line":129,"type":"if","locations":[{"start":{"line":129,"column":2},"end":{"line":129,"column":2}},{"start":{"line":129,"column":2},"end":{"line":129,"column":2}}]},"12":{"line":129,"type":"binary-expr","locations":[{"start":{"line":129,"column":6},"end":{"line":129,"column":22}},{"start":{"line":129,"column":26},"end":{"line":129,"column":48}},{"start":{"line":129,"column":52},"end":{"line":129,"column":79}}]},"13":{"line":136,"type":"if","locations":[{"start":{"line":136,"column":2},"end":{"line":136,"column":2}},{"start":{"line":136,"column":2},"end":{"line":136,"column":2}}]},"14":{"line":137,"type":"if","locations":[{"start":{"line":137,"column":4},"end":{"line":137,"column":4}},{"start":{"line":137,"column":4},"end":{"line":137,"column":4}}]},"15":{"line":156,"type":"if","locations":[{"start":{"line":156,"column":8},"end":{"line":156,"column":8}},{"start":{"line":156,"column":8},"end":{"line":156,"column":8}}]},"16":{"line":166,"type":"binary-expr","locations":[{"start":{"line":166,"column":12},"end":{"line":166,"column":27}},{"start":{"line":166,"column":29},"end":{"line":166,"column":30}}]},"17":{"line":166,"type":"binary-expr","locations":[{"start":{"line":166,"column":35},"end":{"line":166,"column":50}},{"start":{"line":166,"column":52},"end":{"line":166,"column":53}}]}},"code":["/*!"," * Copyright (c) 2015, Salesforce.com, Inc."," * All rights reserved."," *"," * Redistribution and use in source and binary forms, with or without"," * modification, are permitted provided that the following conditions are met:"," *"," * 1. Redistributions of source code must retain the above copyright notice,"," * this list of conditions and the following disclaimer."," *"," * 2. Redistributions in binary form must reproduce the above copyright notice,"," * this list of conditions and the following disclaimer in the documentation"," * and/or other materials provided with the distribution."," *"," * 3. Neither the name of Salesforce.com nor the names of its contributors may"," * be used to endorse or promote products derived from this software without"," * specific prior written permission."," *"," * THIS SOFTWARE IS PROVIDED BY THE COPYRIGHT HOLDERS AND CONTRIBUTORS \"AS IS\""," * AND ANY EXPRESS OR IMPLIED WARRANTIES, INCLUDING, BUT NOT LIMITED TO, THE"," * IMPLIED WARRANTIES OF MERCHANTABILITY AND FITNESS FOR A PARTICULAR PURPOSE"," * ARE DISCLAIMED. IN NO EVENT SHALL THE COPYRIGHT HOLDER OR CONTRIBUTORS BE"," * LIABLE FOR ANY DIRECT, INDIRECT, INCIDENTAL, SPECIAL, EXEMPLARY, OR"," * CONSEQUENTIAL DAMAGES (INCLUDING, BUT NOT LIMITED TO, PROCUREMENT OF"," * SUBSTITUTE GOODS OR SERVICES; LOSS OF USE, DATA, OR PROFITS; OR BUSINESS"," * INTERRUPTION) HOWEVER CAUSED AND ON ANY THEORY OF LIABILITY, WHETHER IN"," * CONTRACT, STRICT LIABILITY, OR TORT (INCLUDING NEGLIGENCE OR OTHERWISE)"," * ARISING IN ANY WAY OUT OF THE USE OF THIS SOFTWARE, EVEN IF ADVISED OF THE"," * POSSIBILITY OF SUCH DAMAGE."," */","'use strict';","var Store = require('./store').Store;","var permuteDomain = require('./permuteDomain').permuteDomain;","var pathMatch = require('./pathMatch').pathMatch;","var util = require('util');","","function MemoryCookieStore() {","  Store.call(this);","  this.idx = {};","}","util.inherits(MemoryCookieStore, Store);","exports.MemoryCookieStore = MemoryCookieStore;","MemoryCookieStore.prototype.idx = null;","","// Since it's just a struct in RAM, this Store is synchronous","MemoryCookieStore.prototype.synchronous = true;","","// force a default depth:","MemoryCookieStore.prototype.inspect = function() {","  return \"{ idx: \"+util.inspect(this.idx, false, 2)+' }';","};","","MemoryCookieStore.prototype.findCookie = function(domain, path, key, cb) {","  if (!this.idx[domain]) {","    return cb(null,undefined);","  }","  if (!this.idx[domain][path]) {","    return cb(null,undefined);","  }","  return cb(null,this.idx[domain][path][key]||null);","};","","MemoryCookieStore.prototype.findCookies = function(domain, path, cb) {","  var results = [];","  if (!domain) {","    return cb(null,[]);","  }","","  var pathMatcher;","  if (!path) {","    // null means \"all paths\"","    pathMatcher = function matchAll(domainIndex) {","      for (var curPath in domainIndex) {","        var pathIndex = domainIndex[curPath];","        for (var key in pathIndex) {","          results.push(pathIndex[key]);","        }","      }","    };","","  } else {","    pathMatcher = function matchRFC(domainIndex) {","       //NOTE: we should use path-match algorithm from S5.1.4 here","       //(see : https://github.com/ChromiumWebApps/chromium/blob/b3d3b4da8bb94c1b2e061600df106d590fda3620/net/cookies/canonical_cookie.cc#L299)","       Object.keys(domainIndex).forEach(function (cookiePath) {","         if (pathMatch(path, cookiePath)) {","           var pathIndex = domainIndex[cookiePath];","","           for (var key in pathIndex) {","             results.push(pathIndex[key]);","           }","         }","       });","     };","  }","","  var domains = permuteDomain(domain) || [domain];","  var idx = this.idx;","  domains.forEach(function(curDomain) {","    var domainIndex = idx[curDomain];","    if (!domainIndex) {","      return;","    }","    pathMatcher(domainIndex);","  });","","  cb(null,results);","};","","MemoryCookieStore.prototype.putCookie = function(cookie, cb) {","  if (!this.idx[cookie.domain]) {","    this.idx[cookie.domain] = {};","  }","  if (!this.idx[cookie.domain][cookie.path]) {","    this.idx[cookie.domain][cookie.path] = {};","  }","  this.idx[cookie.domain][cookie.path][cookie.key] = cookie;","  cb(null);","};","","MemoryCookieStore.prototype.updateCookie = function(oldCookie, newCookie, cb) {","  // updateCookie() may avoid updating cookies that are identical.  For example,","  // lastAccessed may not be important to some stores and an equality","  // comparison could exclude that field.","  this.putCookie(newCookie,cb);","};","","MemoryCookieStore.prototype.removeCookie = function(domain, path, key, cb) {","  if (this.idx[domain] && this.idx[domain][path] && this.idx[domain][path][key]) {","    delete this.idx[domain][path][key];","  }","  cb(null);","};","","MemoryCookieStore.prototype.removeCookies = function(domain, path, cb) {","  if (this.idx[domain]) {","    if (path) {","      delete this.idx[domain][path];","    } else {","      delete this.idx[domain];","    }","  }","  return cb(null);","};","","MemoryCookieStore.prototype.getAllCookies = function(cb) {","  var cookies = [];","  var idx = this.idx;","","  var domains = Object.keys(idx);","  domains.forEach(function(domain) {","    var paths = Object.keys(idx[domain]);","    paths.forEach(function(path) {","      var keys = Object.keys(idx[domain][path]);","      keys.forEach(function(key) {","        if (key !== null) {","          cookies.push(idx[domain][path][key]);","        }","      });","    });","  });","","  // Sort by creationIndex so deserializing retains the creation order.","  // When implementing your own store, this SHOULD retain the order too","  cookies.sort(function(a,b) {","    return (a.creationIndex||0) - (b.creationIndex||0);","  });","","  cb(null, cookies);","};",""],"l":{"32":1,"33":1,"34":1,"35":1,"37":1,"38":0,"39":0,"41":1,"42":1,"43":1,"46":1,"49":1,"50":0,"53":1,"54":0,"55":0,"57":0,"58":0,"60":0,"63":1,"64":0,"65":0,"66":0,"69":0,"70":0,"72":0,"73":0,"74":0,"75":0,"76":0,"82":0,"85":0,"86":0,"87":0,"89":0,"90":0,"97":0,"98":0,"99":0,"100":0,"101":0,"102":0,"104":0,"107":0,"110":1,"111":0,"112":0,"114":0,"115":0,"117":0,"118":0,"121":1,"125":0,"128":1,"129":0,"130":0,"132":0,"135":1,"136":0,"137":0,"138":0,"140":0,"143":0,"146":1,"147":0,"148":0,"150":0,"151":0,"152":0,"153":0,"154":0,"155":0,"156":0,"157":0,"165":0,"166":0,"169":0}},"/home/travis/build/npmtest/node-npmtest-tough-cookie/tough-cookie/lib/permuteDomain.js":{"path":"/home/travis/build/npmtest/node-npmtest-tough-cookie/tough-cookie/lib/permuteDomain.js","s":{"1":1,"2":1,"3":0,"4":0,"5":0,"6":0,"7":0,"8":0,"9":0,"10":0,"11":0,"12":0,"13":0,"14":0,"15":0,"16":1},"b":{"1":[0,0],"2":[0,0]},"f":{"1":0},"fnMap":{"1":{"name":"permuteDomain","line":36,"loc":{"start":{"line":36,"column":0},"end":{"line":36,"column":32}}}},"statementMap":{"1":{"start":{"line":32,"column":0},"end":{"line":32,"column":39}},"2":{"start":{"line":36,"column":0},"end":{"line":54,"column":1}},"3":{"start":{"line":37,"column":2},"end":{"line":37,"column":49}},"4":{"start":{"line":38,"column":2},"end":{"line":40,"column":3}},"5":{"start":{"line":39,"column":4},"end":{"line":39,"column":16}},"6":{"start":{"line":41,"column":2},"end":{"line":43,"column":3}},"7":{"start":{"line":42,"column":4},"end":{"line":42,"column":20}},"8":{"start":{"line":45,"column":2},"end":{"line":45,"column":53}},"9":{"start":{"line":46,"column":2},"end":{"line":46,"column":42}},"10":{"start":{"line":47,"column":2},"end":{"line":47,"column":19}},"11":{"start":{"line":48,"column":2},"end":{"line":48,"column":27}},"12":{"start":{"line":49,"column":2},"end":{"line":52,"column":3}},"13":{"start":{"line":50,"column":4},"end":{"line":50,"column":36}},"14":{"start":{"line":51,"column":4},"end":{"line":51,"column":27}},"15":{"start":{"line":53,"column":2},"end":{"line":53,"column":22}},"16":{"start":{"line":56,"column":0},"end":{"line":56,"column":38}}},"branchMap":{"1":{"line":38,"type":"if","locations":[{"start":{"line":38,"column":2},"end":{"line":38,"column":2}},{"start":{"line":38,"column":2},"end":{"line":38,"column":2}}]},"2":{"line":41,"type":"if","locations":[{"start":{"line":41,"column":2},"end":{"line":41,"column":2}},{"start":{"line":41,"column":2},"end":{"line":41,"column":2}}]}},"code":["/*!"," * Copyright (c) 2015, Salesforce.com, Inc."," * All rights reserved."," *"," * Redistribution and use in source and binary forms, with or without"," * modification, are permitted provided that the following conditions are met:"," *"," * 1. Redistributions of source code must retain the above copyright notice,"," * this list of conditions and the following disclaimer."," *"," * 2. Redistributions in binary form must reproduce the above copyright notice,"," * this list of conditions and the following disclaimer in the documentation"," * and/or other materials provided with the distribution."," *"," * 3. Neither the name of Salesforce.com nor the names of its contributors may"," * be used to endorse or promote products derived from this software without"," * specific prior written permission."," *"," * THIS SOFTWARE IS PROVIDED BY THE COPYRIGHT HOLDERS AND CONTRIBUTORS \"AS IS\""," * AND ANY EXPRESS OR IMPLIED WARRANTIES, INCLUDING, BUT NOT LIMITED TO, THE"," * IMPLIED WARRANTIES OF MERCHANTABILITY AND FITNESS FOR A PARTICULAR PURPOSE"," * ARE DISCLAIMED. IN NO EVENT SHALL THE COPYRIGHT HOLDER OR CONTRIBUTORS BE"," * LIABLE FOR ANY DIRECT, INDIRECT, INCIDENTAL, SPECIAL, EXEMPLARY, OR"," * CONSEQUENTIAL DAMAGES (INCLUDING, BUT NOT LIMITED TO, PROCUREMENT OF"," * SUBSTITUTE GOODS OR SERVICES; LOSS OF USE, DATA, OR PROFITS; OR BUSINESS"," * INTERRUPTION) HOWEVER CAUSED AND ON ANY THEORY OF LIABILITY, WHETHER IN"," * CONTRACT, STRICT LIABILITY, OR TORT (INCLUDING NEGLIGENCE OR OTHERWISE)"," * ARISING IN ANY WAY OUT OF THE USE OF THIS SOFTWARE, EVEN IF ADVISED OF THE"," * POSSIBILITY OF SUCH DAMAGE."," */","\"use strict\";","var pubsuffix = require('./pubsuffix');","","// Gives the permutation of all possible domainMatch()es of a given domain. The","// array is in shortest-to-longest order.  Handy for indexing.","function permuteDomain (domain) {","  var pubSuf = pubsuffix.getPublicSuffix(domain);","  if (!pubSuf) {","    return null;","  }","  if (pubSuf == domain) {","    return [domain];","  }","","  var prefix = domain.slice(0, -(pubSuf.length + 1)); // \".example.com\"","  var parts = prefix.split('.').reverse();","  var cur = pubSuf;","  var permutations = [cur];","  while (parts.length) {","    cur = parts.shift() + '.' + cur;","    permutations.push(cur);","  }","  return permutations;","}","","exports.permuteDomain = permuteDomain;",""],"l":{"32":1,"36":1,"37":0,"38":0,"39":0,"41":0,"42":0,"45":0,"46":0,"47":0,"48":0,"49":0,"50":0,"51":0,"53":0,"56":1}},"/home/travis/build/npmtest/node-npmtest-tough-cookie/tough-cookie/lib/pathMatch.js":{"path":"/home/travis/build/npmtest/node-npmtest-tough-cookie/tough-cookie/lib/pathMatch.js","s":{"1":1,"2":0,"3":0,"4":0,"5":0,"6":0,"7":0,"8":0,"9":0,"10":0,"11":1},"b":{"1":[0,0],"2":[0,0],"3":[0,0],"4":[0,0]},"f":{"1":0},"fnMap":{"1":{"name":"pathMatch","line":36,"loc":{"start":{"line":36,"column":0},"end":{"line":36,"column":41}}}},"statementMap":{"1":{"start":{"line":36,"column":0},"end":{"line":59,"column":1}},"2":{"start":{"line":38,"column":2},"end":{"line":40,"column":3}},"3":{"start":{"line":39,"column":4},"end":{"line":39,"column":16}},"4":{"start":{"line":42,"column":2},"end":{"line":42,"column":40}},"5":{"start":{"line":43,"column":2},"end":{"line":56,"column":3}},"6":{"start":{"line":46,"column":4},"end":{"line":48,"column":5}},"7":{"start":{"line":47,"column":6},"end":{"line":47,"column":18}},"8":{"start":{"line":53,"column":4},"end":{"line":55,"column":5}},"9":{"start":{"line":54,"column":6},"end":{"line":54,"column":18}},"10":{"start":{"line":58,"column":2},"end":{"line":58,"column":15}},"11":{"start":{"line":61,"column":0},"end":{"line":61,"column":30}}},"branchMap":{"1":{"line":38,"type":"if","locations":[{"start":{"line":38,"column":2},"end":{"line":38,"column":2}},{"start":{"line":38,"column":2},"end":{"line":38,"column":2}}]},"2":{"line":43,"type":"if","locations":[{"start":{"line":43,"column":2},"end":{"line":43,"column":2}},{"start":{"line":43,"column":2},"end":{"line":43,"column":2}}]},"3":{"line":46,"type":"if","locations":[{"start":{"line":46,"column":4},"end":{"line":46,"column":4}},{"start":{"line":46,"column":4},"end":{"line":46,"column":4}}]},"4":{"line":53,"type":"if","locations":[{"start":{"line":53,"column":4},"end":{"line":53,"column":4}},{"start":{"line":53,"column":4},"end":{"line":53,"column":4}}]}},"code":["/*!"," * Copyright (c) 2015, Salesforce.com, Inc."," * All rights reserved."," *"," * Redistribution and use in source and binary forms, with or without"," * modification, are permitted provided that the following conditions are met:"," *"," * 1. Redistributions of source code must retain the above copyright notice,"," * this list of conditions and the following disclaimer."," *"," * 2. Redistributions in binary form must reproduce the above copyright notice,"," * this list of conditions and the following disclaimer in the documentation"," * and/or other materials provided with the distribution."," *"," * 3. Neither the name of Salesforce.com nor the names of its contributors may"," * be used to endorse or promote products derived from this software without"," * specific prior written permission."," *"," * THIS SOFTWARE IS PROVIDED BY THE COPYRIGHT HOLDERS AND CONTRIBUTORS \"AS IS\""," * AND ANY EXPRESS OR IMPLIED WARRANTIES, INCLUDING, BUT NOT LIMITED TO, THE"," * IMPLIED WARRANTIES OF MERCHANTABILITY AND FITNESS FOR A PARTICULAR PURPOSE"," * ARE DISCLAIMED. IN NO EVENT SHALL THE COPYRIGHT HOLDER OR CONTRIBUTORS BE"," * LIABLE FOR ANY DIRECT, INDIRECT, INCIDENTAL, SPECIAL, EXEMPLARY, OR"," * CONSEQUENTIAL DAMAGES (INCLUDING, BUT NOT LIMITED TO, PROCUREMENT OF"," * SUBSTITUTE GOODS OR SERVICES; LOSS OF USE, DATA, OR PROFITS; OR BUSINESS"," * INTERRUPTION) HOWEVER CAUSED AND ON ANY THEORY OF LIABILITY, WHETHER IN"," * CONTRACT, STRICT LIABILITY, OR TORT (INCLUDING NEGLIGENCE OR OTHERWISE)"," * ARISING IN ANY WAY OUT OF THE USE OF THIS SOFTWARE, EVEN IF ADVISED OF THE"," * POSSIBILITY OF SUCH DAMAGE."," */","\"use strict\";","/*"," * \"A request-path path-matches a given cookie-path if at least one of the"," * following conditions holds:\""," */","function pathMatch (reqPath, cookiePath) {","  // \"o  The cookie-path and the request-path are identical.\"","  if (cookiePath === reqPath) {","    return true;","  }","","  var idx = reqPath.indexOf(cookiePath);","  if (idx === 0) {","    // \"o  The cookie-path is a prefix of the request-path, and the last","    // character of the cookie-path is %x2F (\"/\").\"","    if (cookiePath.substr(-1) === \"/\") {","      return true;","    }","","    // \" o  The cookie-path is a prefix of the request-path, and the first","    // character of the request-path that is not included in the cookie- path","    // is a %x2F (\"/\") character.\"","    if (reqPath.substr(cookiePath.length, 1) === \"/\") {","      return true;","    }","  }","","  return false;","}","","exports.pathMatch = pathMatch;",""],"l":{"36":1,"38":0,"39":0,"42":0,"43":0,"46":0,"47":0,"53":0,"54":0,"58":0,"61":1}}}